<?xml version="1.0" encoding="UTF-8"?>
<testsuite xmlns:xsi="http://www.w3.org/2001/XMLSchema-instance" xsi:noNamespaceSchemaLocation="https://maven.apache.org/surefire/maven-surefire-plugin/xsd/surefire-test-report-3.0.xsd" version="3.0" name="tu paquete.EjercitoTest" time="0.0" tests="14" errors="14" skipped="0" failures="0">
  <properties>
    <property name="java.specification.version" value="18"/>
    <property name="sun.cpu.isalist" value="amd64"/>
    <property name="sun.jnu.encoding" value="Cp1252"/>
    <property name="java.class.path" value="C:\Users\nicol\OneDrive\Escritorio\Combate-Mortal\target\test-classes;C:\Users\nicol\OneDrive\Escritorio\Combate-Mortal\target\classes;C:\Users\nicol\.m2\repository\junit\junit\4.13.2\junit-4.13.2.jar;C:\Users\nicol\.m2\repository\org\hamcrest\hamcrest-core\1.3\hamcrest-core-1.3.jar;"/>
    <property name="java.vm.vendor" value="Oracle Corporation"/>
    <property name="sun.arch.data.model" value="64"/>
    <property name="user.variant" value=""/>
    <property name="java.vendor.url" value="https://java.oracle.com/"/>
    <property name="user.timezone" value="America/Buenos_Aires"/>
    <property name="os.name" value="Windows 11"/>
    <property name="java.vm.specification.version" value="18"/>
    <property name="sun.java.launcher" value="SUN_STANDARD"/>
    <property name="user.country" value="ES"/>
    <property name="sun.boot.library.path" value="C:\Program Files\Java\jdk-18.0.2.1\bin"/>
    <property name="sun.java.command" value="C:\Users\nicol\AppData\Local\Temp\surefire7649138645364943953\surefirebooter-20240822151535533_3.jar C:\Users\nicol\AppData\Local\Temp\surefire7649138645364943953 2024-08-22T15-15-35_351-jvmRun1 surefire-20240822151535533_1tmp surefire_0-20240822151535533_2tmp"/>
    <property name="jdk.debug" value="release"/>
    <property name="surefire.test.class.path" value="C:\Users\nicol\OneDrive\Escritorio\Combate-Mortal\target\test-classes;C:\Users\nicol\OneDrive\Escritorio\Combate-Mortal\target\classes;C:\Users\nicol\.m2\repository\junit\junit\4.13.2\junit-4.13.2.jar;C:\Users\nicol\.m2\repository\org\hamcrest\hamcrest-core\1.3\hamcrest-core-1.3.jar;"/>
    <property name="sun.cpu.endian" value="little"/>
    <property name="user.home" value="C:\Users\nicol"/>
    <property name="user.language" value="es"/>
    <property name="java.specification.vendor" value="Oracle Corporation"/>
    <property name="java.version.date" value="2022-08-18"/>
    <property name="java.home" value="C:\Program Files\Java\jdk-18.0.2.1"/>
    <property name="file.separator" value="\"/>
    <property name="basedir" value="C:\Users\nicol\OneDrive\Escritorio\Combate-Mortal"/>
    <property name="java.vm.compressedOopsMode" value="Zero based"/>
    <property name="line.separator" value="&#10;"/>
    <property name="java.vm.specification.vendor" value="Oracle Corporation"/>
    <property name="java.specification.name" value="Java Platform API Specification"/>
    <property name="surefire.real.class.path" value="C:\Users\nicol\AppData\Local\Temp\surefire7649138645364943953\surefirebooter-20240822151535533_3.jar"/>
    <property name="user.script" value=""/>
    <property name="sun.management.compiler" value="HotSpot 64-Bit Tiered Compilers"/>
    <property name="java.runtime.version" value="18.0.2.1+1-1"/>
    <property name="user.name" value="nicol"/>
    <property name="path.separator" value=";"/>
    <property name="os.version" value="10.0"/>
    <property name="java.runtime.name" value="Java(TM) SE Runtime Environment"/>
    <property name="file.encoding" value="UTF-8"/>
    <property name="java.vm.name" value="Java HotSpot(TM) 64-Bit Server VM"/>
    <property name="localRepository" value="C:\Users\nicol\.m2\repository"/>
    <property name="java.vendor.url.bug" value="https://bugreport.java.com/bugreport/"/>
    <property name="java.io.tmpdir" value="C:\Users\nicol\AppData\Local\Temp\"/>
    <property name="java.version" value="18.0.2.1"/>
    <property name="user.dir" value="C:\Users\nicol\OneDrive\Escritorio\Combate-Mortal"/>
    <property name="os.arch" value="amd64"/>
    <property name="java.vm.specification.name" value="Java Virtual Machine Specification"/>
    <property name="sun.os.patch.level" value=""/>
    <property name="native.encoding" value="Cp1252"/>
    <property name="java.library.path" value="C:\Program Files\Java\jdk-18.0.2.1\bin;C:\WINDOWS\Sun\Java\bin;C:\WINDOWS\system32;C:\WINDOWS;C:\Program Files\Python312\Scripts\;C:\Program Files\Python312\;C:\Program Files\Common Files\Oracle\Java\javapath;C:\Program Files (x86)\Common Files\Oracle\Java\javapath;C:\ProgramData\Oracle\Java\javapath;C:\WINDOWS\system32;C:\WINDOWS;C:\WINDOWS\System32\Wbem;C:\WINDOWS\System32\WindowsPowerShell\v1.0\;C:\WINDOWS\System32\OpenSSH\;C:\Program Files (x86)\dotnet\;C:\msys64\mingw64\bin;C:\Program Files (x86)\NVIDIA Corporation\PhysX\Common;C:\Program Files\NVIDIA Corporation\NVIDIA App\NvDLISR;C:\Program Files\Git\cmd;C:\Program Files\nodejs\;C:\ProgramData\chocolatey\bin;C:\Program Files\dotnet\;%MAVEN_HOME%\bin;C:\Users\nicol\OneDrive\Escritorio\apache-maven-3.9.9-bin\apache-maven-3.9.9\bin;C:\Users\nicol\AppData\Local\Programs\Python\Python311\Scripts\;C:\Users\nicol\AppData\Local\Programs\Python\Python311\;C:\Users\nicol\AppData\Local\Microsoft\WindowsApps;C:\MinGW\bin;C:\Users\nicol\AppData\Local\Programs\Microsoft VS Code\bin;C:\Program Files\Python312;C:\Users\nicol\AppData\Roaming\npm;C:\Users\nicol\AppData\Local\GitHubDesktop\bin;C:\Users\nicol\OneDrive\Escritorio\apache-maven-3.9.9-bin.zip\apache-maven-3.9.9\bin;;."/>
    <property name="java.vm.info" value="mixed mode, sharing"/>
    <property name="java.vendor" value="Oracle Corporation"/>
    <property name="java.vm.version" value="18.0.2.1+1-1"/>
    <property name="sun.io.unicode.encoding" value="UnicodeLittle"/>
    <property name="java.class.version" value="62.0"/>
  </properties>
  <testcase name="chucknorris_puede_matar_Test" classname="tu paquete.EjercitoTest" time="0.0">
    <error message="Unresolved compilation problems: &#10;	The declared package &quot;&quot; does not match the expected package &quot;tu paquete&quot;&#10;	Soldado cannot be resolved to a type&#10;	Soldado cannot be resolved to a type&#10;	Tanque cannot be resolved to a type&#10;	Tanque cannot be resolved to a type&#10;	Buque cannot be resolved to a type&#10;	Buque cannot be resolved to a type&#10;	Soldado cannot be resolved to a type&#10;	Soldado cannot be resolved to a type&#10;	Soldado cannot be resolved to a type&#10;	Soldado cannot be resolved to a type&#10;	Tanque cannot be resolved to a type&#10;	Tanque cannot be resolved to a type&#10;	Tanque cannot be resolved to a type&#10;	Tanque cannot be resolved to a type&#10;	Buque cannot be resolved to a type&#10;	Buque cannot be resolved to a type&#10;	Tanque cannot be resolved to a type&#10;	Tanque cannot be resolved to a type&#10;	Soldado cannot be resolved to a type&#10;	Soldado cannot be resolved to a type&#10;	Soldado cannot be resolved to a type&#10;	Soldado cannot be resolved to a type&#10;	Tanque cannot be resolved to a type&#10;	Tanque cannot be resolved to a type&#10;	Tanque cannot be resolved to a type&#10;	Tanque cannot be resolved to a type&#10;	Buque cannot be resolved to a type&#10;	Buque cannot be resolved to a type&#10;	Tanque cannot be resolved to a type&#10;	Tanque cannot be resolved to a type&#10;	Soldado cannot be resolved to a type&#10;	Soldado cannot be resolved to a type&#10;	Escudo cannot be resolved to a type&#10;	Escudo cannot be resolved to a type&#10;	Soldado cannot be resolved to a type&#10;	Soldado cannot be resolved to a type&#10;	Tanque cannot be resolved to a type&#10;	Tanque cannot be resolved to a type&#10;	Escudo cannot be resolved to a type&#10;	Escudo cannot be resolved to a type&#10;	Tanque cannot be resolved to a type&#10;	Tanque cannot be resolved to a type&#10;	Buque cannot be resolved to a type&#10;	Buque cannot be resolved to a type&#10;	Escudo cannot be resolved to a type&#10;	Escudo cannot be resolved to a type&#10;	Tanque cannot be resolved to a type&#10;	Tanque cannot be resolved to a type&#10;	ChuckNorris cannot be resolved to a type&#10;	ChuckNorris cannot be resolved to a type&#10;	Tanque cannot be resolved to a type&#10;	Tanque cannot be resolved to a type&#10;	ChuckNorris cannot be resolved to a type&#10;	ChuckNorris cannot be resolved to a type&#10;	Soldado cannot be resolved to a type&#10;	Soldado cannot be resolved to a type&#10;" type="java.lang.Error"><![CDATA[java.lang.Error: 
Unresolved compilation problems: 
	The declared package "" does not match the expected package "tu paquete"
	Soldado cannot be resolved to a type
	Soldado cannot be resolved to a type
	Tanque cannot be resolved to a type
	Tanque cannot be resolved to a type
	Buque cannot be resolved to a type
	Buque cannot be resolved to a type
	Soldado cannot be resolved to a type
	Soldado cannot be resolved to a type
	Soldado cannot be resolved to a type
	Soldado cannot be resolved to a type
	Tanque cannot be resolved to a type
	Tanque cannot be resolved to a type
	Tanque cannot be resolved to a type
	Tanque cannot be resolved to a type
	Buque cannot be resolved to a type
	Buque cannot be resolved to a type
	Tanque cannot be resolved to a type
	Tanque cannot be resolved to a type
	Soldado cannot be resolved to a type
	Soldado cannot be resolved to a type
	Soldado cannot be resolved to a type
	Soldado cannot be resolved to a type
	Tanque cannot be resolved to a type
	Tanque cannot be resolved to a type
	Tanque cannot be resolved to a type
	Tanque cannot be resolved to a type
	Buque cannot be resolved to a type
	Buque cannot be resolved to a type
	Tanque cannot be resolved to a type
	Tanque cannot be resolved to a type
	Soldado cannot be resolved to a type
	Soldado cannot be resolved to a type
	Escudo cannot be resolved to a type
	Escudo cannot be resolved to a type
	Soldado cannot be resolved to a type
	Soldado cannot be resolved to a type
	Tanque cannot be resolved to a type
	Tanque cannot be resolved to a type
	Escudo cannot be resolved to a type
	Escudo cannot be resolved to a type
	Tanque cannot be resolved to a type
	Tanque cannot be resolved to a type
	Buque cannot be resolved to a type
	Buque cannot be resolved to a type
	Escudo cannot be resolved to a type
	Escudo cannot be resolved to a type
	Tanque cannot be resolved to a type
	Tanque cannot be resolved to a type
	ChuckNorris cannot be resolved to a type
	ChuckNorris cannot be resolved to a type
	Tanque cannot be resolved to a type
	Tanque cannot be resolved to a type
	ChuckNorris cannot be resolved to a type
	ChuckNorris cannot be resolved to a type
	Soldado cannot be resolved to a type
	Soldado cannot be resolved to a type

	at tu paquete.EjercitoTest.<init>(EjercitoTest.java:1)
	at java.base/jdk.internal.reflect.DirectConstructorHandleAccessor.newInstance(DirectConstructorHandleAccessor.java:67)
	at java.base/java.lang.reflect.Constructor.newInstanceWithCaller(Constructor.java:499)
	at java.base/java.lang.reflect.Constructor.newInstance(Constructor.java:483)
	at org.junit.runners.BlockJUnit4ClassRunner.createTest(BlockJUnit4ClassRunner.java:250)
	at org.junit.runners.BlockJUnit4ClassRunner.createTest(BlockJUnit4ClassRunner.java:260)
	at org.junit.runners.BlockJUnit4ClassRunner$2.runReflectiveCall(BlockJUnit4ClassRunner.java:309)
	at org.junit.internal.runners.model.ReflectiveCallable.run(ReflectiveCallable.java:12)
	at org.junit.runners.BlockJUnit4ClassRunner.methodBlock(BlockJUnit4ClassRunner.java:306)
	at org.junit.runners.BlockJUnit4ClassRunner$1.evaluate(BlockJUnit4ClassRunner.java:100)
	at org.junit.runners.ParentRunner.runLeaf(ParentRunner.java:366)
	at org.junit.runners.BlockJUnit4ClassRunner.runChild(BlockJUnit4ClassRunner.java:103)
	at org.junit.runners.BlockJUnit4ClassRunner.runChild(BlockJUnit4ClassRunner.java:63)
	at org.junit.runners.ParentRunner$4.run(ParentRunner.java:331)
	at org.junit.runners.ParentRunner$1.schedule(ParentRunner.java:79)
	at org.junit.runners.ParentRunner.runChildren(ParentRunner.java:329)
	at org.junit.runners.ParentRunner.access$100(ParentRunner.java:66)
	at org.junit.runners.ParentRunner$2.evaluate(ParentRunner.java:293)
	at org.junit.runners.ParentRunner$3.evaluate(ParentRunner.java:306)
	at org.junit.runners.ParentRunner.run(ParentRunner.java:413)
	at org.apache.maven.surefire.junit4.JUnit4Provider.execute(JUnit4Provider.java:316)
	at org.apache.maven.surefire.junit4.JUnit4Provider.executeWithRerun(JUnit4Provider.java:240)
	at org.apache.maven.surefire.junit4.JUnit4Provider.executeTestSet(JUnit4Provider.java:214)
	at org.apache.maven.surefire.junit4.JUnit4Provider.invoke(JUnit4Provider.java:155)
	at org.apache.maven.surefire.booter.ForkedBooter.runSuitesInProcess(ForkedBooter.java:385)
	at org.apache.maven.surefire.booter.ForkedBooter.execute(ForkedBooter.java:162)
	at org.apache.maven.surefire.booter.ForkedBooter.run(ForkedBooter.java:507)
	at org.apache.maven.surefire.booter.ForkedBooter.main(ForkedBooter.java:495)
]]></error>
  </testcase>
  <testcase name="tanque_puede_disparar_Test" classname="tu paquete.EjercitoTest" time="0.0">
    <error message="Unresolved compilation problems: &#10;	The declared package &quot;&quot; does not match the expected package &quot;tu paquete&quot;&#10;	Soldado cannot be resolved to a type&#10;	Soldado cannot be resolved to a type&#10;	Tanque cannot be resolved to a type&#10;	Tanque cannot be resolved to a type&#10;	Buque cannot be resolved to a type&#10;	Buque cannot be resolved to a type&#10;	Soldado cannot be resolved to a type&#10;	Soldado cannot be resolved to a type&#10;	Soldado cannot be resolved to a type&#10;	Soldado cannot be resolved to a type&#10;	Tanque cannot be resolved to a type&#10;	Tanque cannot be resolved to a type&#10;	Tanque cannot be resolved to a type&#10;	Tanque cannot be resolved to a type&#10;	Buque cannot be resolved to a type&#10;	Buque cannot be resolved to a type&#10;	Tanque cannot be resolved to a type&#10;	Tanque cannot be resolved to a type&#10;	Soldado cannot be resolved to a type&#10;	Soldado cannot be resolved to a type&#10;	Soldado cannot be resolved to a type&#10;	Soldado cannot be resolved to a type&#10;	Tanque cannot be resolved to a type&#10;	Tanque cannot be resolved to a type&#10;	Tanque cannot be resolved to a type&#10;	Tanque cannot be resolved to a type&#10;	Buque cannot be resolved to a type&#10;	Buque cannot be resolved to a type&#10;	Tanque cannot be resolved to a type&#10;	Tanque cannot be resolved to a type&#10;	Soldado cannot be resolved to a type&#10;	Soldado cannot be resolved to a type&#10;	Escudo cannot be resolved to a type&#10;	Escudo cannot be resolved to a type&#10;	Soldado cannot be resolved to a type&#10;	Soldado cannot be resolved to a type&#10;	Tanque cannot be resolved to a type&#10;	Tanque cannot be resolved to a type&#10;	Escudo cannot be resolved to a type&#10;	Escudo cannot be resolved to a type&#10;	Tanque cannot be resolved to a type&#10;	Tanque cannot be resolved to a type&#10;	Buque cannot be resolved to a type&#10;	Buque cannot be resolved to a type&#10;	Escudo cannot be resolved to a type&#10;	Escudo cannot be resolved to a type&#10;	Tanque cannot be resolved to a type&#10;	Tanque cannot be resolved to a type&#10;	ChuckNorris cannot be resolved to a type&#10;	ChuckNorris cannot be resolved to a type&#10;	Tanque cannot be resolved to a type&#10;	Tanque cannot be resolved to a type&#10;	ChuckNorris cannot be resolved to a type&#10;	ChuckNorris cannot be resolved to a type&#10;	Soldado cannot be resolved to a type&#10;	Soldado cannot be resolved to a type&#10;" type="java.lang.Error"><![CDATA[java.lang.Error: 
Unresolved compilation problems: 
	The declared package "" does not match the expected package "tu paquete"
	Soldado cannot be resolved to a type
	Soldado cannot be resolved to a type
	Tanque cannot be resolved to a type
	Tanque cannot be resolved to a type
	Buque cannot be resolved to a type
	Buque cannot be resolved to a type
	Soldado cannot be resolved to a type
	Soldado cannot be resolved to a type
	Soldado cannot be resolved to a type
	Soldado cannot be resolved to a type
	Tanque cannot be resolved to a type
	Tanque cannot be resolved to a type
	Tanque cannot be resolved to a type
	Tanque cannot be resolved to a type
	Buque cannot be resolved to a type
	Buque cannot be resolved to a type
	Tanque cannot be resolved to a type
	Tanque cannot be resolved to a type
	Soldado cannot be resolved to a type
	Soldado cannot be resolved to a type
	Soldado cannot be resolved to a type
	Soldado cannot be resolved to a type
	Tanque cannot be resolved to a type
	Tanque cannot be resolved to a type
	Tanque cannot be resolved to a type
	Tanque cannot be resolved to a type
	Buque cannot be resolved to a type
	Buque cannot be resolved to a type
	Tanque cannot be resolved to a type
	Tanque cannot be resolved to a type
	Soldado cannot be resolved to a type
	Soldado cannot be resolved to a type
	Escudo cannot be resolved to a type
	Escudo cannot be resolved to a type
	Soldado cannot be resolved to a type
	Soldado cannot be resolved to a type
	Tanque cannot be resolved to a type
	Tanque cannot be resolved to a type
	Escudo cannot be resolved to a type
	Escudo cannot be resolved to a type
	Tanque cannot be resolved to a type
	Tanque cannot be resolved to a type
	Buque cannot be resolved to a type
	Buque cannot be resolved to a type
	Escudo cannot be resolved to a type
	Escudo cannot be resolved to a type
	Tanque cannot be resolved to a type
	Tanque cannot be resolved to a type
	ChuckNorris cannot be resolved to a type
	ChuckNorris cannot be resolved to a type
	Tanque cannot be resolved to a type
	Tanque cannot be resolved to a type
	ChuckNorris cannot be resolved to a type
	ChuckNorris cannot be resolved to a type
	Soldado cannot be resolved to a type
	Soldado cannot be resolved to a type

	at tu paquete.EjercitoTest.<init>(EjercitoTest.java:1)
	at java.base/jdk.internal.reflect.DirectConstructorHandleAccessor.newInstance(DirectConstructorHandleAccessor.java:67)
	at java.base/java.lang.reflect.Constructor.newInstanceWithCaller(Constructor.java:499)
	at java.base/java.lang.reflect.Constructor.newInstance(Constructor.java:483)
	at org.junit.runners.BlockJUnit4ClassRunner.createTest(BlockJUnit4ClassRunner.java:250)
	at org.junit.runners.BlockJUnit4ClassRunner.createTest(BlockJUnit4ClassRunner.java:260)
	at org.junit.runners.BlockJUnit4ClassRunner$2.runReflectiveCall(BlockJUnit4ClassRunner.java:309)
	at org.junit.internal.runners.model.ReflectiveCallable.run(ReflectiveCallable.java:12)
	at org.junit.runners.BlockJUnit4ClassRunner.methodBlock(BlockJUnit4ClassRunner.java:306)
	at org.junit.runners.BlockJUnit4ClassRunner$1.evaluate(BlockJUnit4ClassRunner.java:100)
	at org.junit.runners.ParentRunner.runLeaf(ParentRunner.java:366)
	at org.junit.runners.BlockJUnit4ClassRunner.runChild(BlockJUnit4ClassRunner.java:103)
	at org.junit.runners.BlockJUnit4ClassRunner.runChild(BlockJUnit4ClassRunner.java:63)
	at org.junit.runners.ParentRunner$4.run(ParentRunner.java:331)
	at org.junit.runners.ParentRunner$1.schedule(ParentRunner.java:79)
	at org.junit.runners.ParentRunner.runChildren(ParentRunner.java:329)
	at org.junit.runners.ParentRunner.access$100(ParentRunner.java:66)
	at org.junit.runners.ParentRunner$2.evaluate(ParentRunner.java:293)
	at org.junit.runners.ParentRunner$3.evaluate(ParentRunner.java:306)
	at org.junit.runners.ParentRunner.run(ParentRunner.java:413)
	at org.apache.maven.surefire.junit4.JUnit4Provider.execute(JUnit4Provider.java:316)
	at org.apache.maven.surefire.junit4.JUnit4Provider.executeWithRerun(JUnit4Provider.java:240)
	at org.apache.maven.surefire.junit4.JUnit4Provider.executeTestSet(JUnit4Provider.java:214)
	at org.apache.maven.surefire.junit4.JUnit4Provider.invoke(JUnit4Provider.java:155)
	at org.apache.maven.surefire.booter.ForkedBooter.runSuitesInProcess(ForkedBooter.java:385)
	at org.apache.maven.surefire.booter.ForkedBooter.execute(ForkedBooter.java:162)
	at org.apache.maven.surefire.booter.ForkedBooter.run(ForkedBooter.java:507)
	at org.apache.maven.surefire.booter.ForkedBooter.main(ForkedBooter.java:495)
]]></error>
  </testcase>
  <testcase name="tanque_puede_recibir_disparo_y_muere_de_2_disparos" classname="tu paquete.EjercitoTest" time="0.0">
    <error message="Unresolved compilation problems: &#10;	The declared package &quot;&quot; does not match the expected package &quot;tu paquete&quot;&#10;	Soldado cannot be resolved to a type&#10;	Soldado cannot be resolved to a type&#10;	Tanque cannot be resolved to a type&#10;	Tanque cannot be resolved to a type&#10;	Buque cannot be resolved to a type&#10;	Buque cannot be resolved to a type&#10;	Soldado cannot be resolved to a type&#10;	Soldado cannot be resolved to a type&#10;	Soldado cannot be resolved to a type&#10;	Soldado cannot be resolved to a type&#10;	Tanque cannot be resolved to a type&#10;	Tanque cannot be resolved to a type&#10;	Tanque cannot be resolved to a type&#10;	Tanque cannot be resolved to a type&#10;	Buque cannot be resolved to a type&#10;	Buque cannot be resolved to a type&#10;	Tanque cannot be resolved to a type&#10;	Tanque cannot be resolved to a type&#10;	Soldado cannot be resolved to a type&#10;	Soldado cannot be resolved to a type&#10;	Soldado cannot be resolved to a type&#10;	Soldado cannot be resolved to a type&#10;	Tanque cannot be resolved to a type&#10;	Tanque cannot be resolved to a type&#10;	Tanque cannot be resolved to a type&#10;	Tanque cannot be resolved to a type&#10;	Buque cannot be resolved to a type&#10;	Buque cannot be resolved to a type&#10;	Tanque cannot be resolved to a type&#10;	Tanque cannot be resolved to a type&#10;	Soldado cannot be resolved to a type&#10;	Soldado cannot be resolved to a type&#10;	Escudo cannot be resolved to a type&#10;	Escudo cannot be resolved to a type&#10;	Soldado cannot be resolved to a type&#10;	Soldado cannot be resolved to a type&#10;	Tanque cannot be resolved to a type&#10;	Tanque cannot be resolved to a type&#10;	Escudo cannot be resolved to a type&#10;	Escudo cannot be resolved to a type&#10;	Tanque cannot be resolved to a type&#10;	Tanque cannot be resolved to a type&#10;	Buque cannot be resolved to a type&#10;	Buque cannot be resolved to a type&#10;	Escudo cannot be resolved to a type&#10;	Escudo cannot be resolved to a type&#10;	Tanque cannot be resolved to a type&#10;	Tanque cannot be resolved to a type&#10;	ChuckNorris cannot be resolved to a type&#10;	ChuckNorris cannot be resolved to a type&#10;	Tanque cannot be resolved to a type&#10;	Tanque cannot be resolved to a type&#10;	ChuckNorris cannot be resolved to a type&#10;	ChuckNorris cannot be resolved to a type&#10;	Soldado cannot be resolved to a type&#10;	Soldado cannot be resolved to a type&#10;" type="java.lang.Error"><![CDATA[java.lang.Error: 
Unresolved compilation problems: 
	The declared package "" does not match the expected package "tu paquete"
	Soldado cannot be resolved to a type
	Soldado cannot be resolved to a type
	Tanque cannot be resolved to a type
	Tanque cannot be resolved to a type
	Buque cannot be resolved to a type
	Buque cannot be resolved to a type
	Soldado cannot be resolved to a type
	Soldado cannot be resolved to a type
	Soldado cannot be resolved to a type
	Soldado cannot be resolved to a type
	Tanque cannot be resolved to a type
	Tanque cannot be resolved to a type
	Tanque cannot be resolved to a type
	Tanque cannot be resolved to a type
	Buque cannot be resolved to a type
	Buque cannot be resolved to a type
	Tanque cannot be resolved to a type
	Tanque cannot be resolved to a type
	Soldado cannot be resolved to a type
	Soldado cannot be resolved to a type
	Soldado cannot be resolved to a type
	Soldado cannot be resolved to a type
	Tanque cannot be resolved to a type
	Tanque cannot be resolved to a type
	Tanque cannot be resolved to a type
	Tanque cannot be resolved to a type
	Buque cannot be resolved to a type
	Buque cannot be resolved to a type
	Tanque cannot be resolved to a type
	Tanque cannot be resolved to a type
	Soldado cannot be resolved to a type
	Soldado cannot be resolved to a type
	Escudo cannot be resolved to a type
	Escudo cannot be resolved to a type
	Soldado cannot be resolved to a type
	Soldado cannot be resolved to a type
	Tanque cannot be resolved to a type
	Tanque cannot be resolved to a type
	Escudo cannot be resolved to a type
	Escudo cannot be resolved to a type
	Tanque cannot be resolved to a type
	Tanque cannot be resolved to a type
	Buque cannot be resolved to a type
	Buque cannot be resolved to a type
	Escudo cannot be resolved to a type
	Escudo cannot be resolved to a type
	Tanque cannot be resolved to a type
	Tanque cannot be resolved to a type
	ChuckNorris cannot be resolved to a type
	ChuckNorris cannot be resolved to a type
	Tanque cannot be resolved to a type
	Tanque cannot be resolved to a type
	ChuckNorris cannot be resolved to a type
	ChuckNorris cannot be resolved to a type
	Soldado cannot be resolved to a type
	Soldado cannot be resolved to a type

	at tu paquete.EjercitoTest.<init>(EjercitoTest.java:1)
	at java.base/jdk.internal.reflect.DirectConstructorHandleAccessor.newInstance(DirectConstructorHandleAccessor.java:67)
	at java.base/java.lang.reflect.Constructor.newInstanceWithCaller(Constructor.java:499)
	at java.base/java.lang.reflect.Constructor.newInstance(Constructor.java:483)
	at org.junit.runners.BlockJUnit4ClassRunner.createTest(BlockJUnit4ClassRunner.java:250)
	at org.junit.runners.BlockJUnit4ClassRunner.createTest(BlockJUnit4ClassRunner.java:260)
	at org.junit.runners.BlockJUnit4ClassRunner$2.runReflectiveCall(BlockJUnit4ClassRunner.java:309)
	at org.junit.internal.runners.model.ReflectiveCallable.run(ReflectiveCallable.java:12)
	at org.junit.runners.BlockJUnit4ClassRunner.methodBlock(BlockJUnit4ClassRunner.java:306)
	at org.junit.runners.BlockJUnit4ClassRunner$1.evaluate(BlockJUnit4ClassRunner.java:100)
	at org.junit.runners.ParentRunner.runLeaf(ParentRunner.java:366)
	at org.junit.runners.BlockJUnit4ClassRunner.runChild(BlockJUnit4ClassRunner.java:103)
	at org.junit.runners.BlockJUnit4ClassRunner.runChild(BlockJUnit4ClassRunner.java:63)
	at org.junit.runners.ParentRunner$4.run(ParentRunner.java:331)
	at org.junit.runners.ParentRunner$1.schedule(ParentRunner.java:79)
	at org.junit.runners.ParentRunner.runChildren(ParentRunner.java:329)
	at org.junit.runners.ParentRunner.access$100(ParentRunner.java:66)
	at org.junit.runners.ParentRunner$2.evaluate(ParentRunner.java:293)
	at org.junit.runners.ParentRunner$3.evaluate(ParentRunner.java:306)
	at org.junit.runners.ParentRunner.run(ParentRunner.java:413)
	at org.apache.maven.surefire.junit4.JUnit4Provider.execute(JUnit4Provider.java:316)
	at org.apache.maven.surefire.junit4.JUnit4Provider.executeWithRerun(JUnit4Provider.java:240)
	at org.apache.maven.surefire.junit4.JUnit4Provider.executeTestSet(JUnit4Provider.java:214)
	at org.apache.maven.surefire.junit4.JUnit4Provider.invoke(JUnit4Provider.java:155)
	at org.apache.maven.surefire.booter.ForkedBooter.runSuitesInProcess(ForkedBooter.java:385)
	at org.apache.maven.surefire.booter.ForkedBooter.execute(ForkedBooter.java:162)
	at org.apache.maven.surefire.booter.ForkedBooter.run(ForkedBooter.java:507)
	at org.apache.maven.surefire.booter.ForkedBooter.main(ForkedBooter.java:495)
]]></error>
  </testcase>
  <testcase name="buque_puede_recibir_disparo_y_muere_de_3_disparos" classname="tu paquete.EjercitoTest" time="0.0">
    <error message="Unresolved compilation problems: &#10;	The declared package &quot;&quot; does not match the expected package &quot;tu paquete&quot;&#10;	Soldado cannot be resolved to a type&#10;	Soldado cannot be resolved to a type&#10;	Tanque cannot be resolved to a type&#10;	Tanque cannot be resolved to a type&#10;	Buque cannot be resolved to a type&#10;	Buque cannot be resolved to a type&#10;	Soldado cannot be resolved to a type&#10;	Soldado cannot be resolved to a type&#10;	Soldado cannot be resolved to a type&#10;	Soldado cannot be resolved to a type&#10;	Tanque cannot be resolved to a type&#10;	Tanque cannot be resolved to a type&#10;	Tanque cannot be resolved to a type&#10;	Tanque cannot be resolved to a type&#10;	Buque cannot be resolved to a type&#10;	Buque cannot be resolved to a type&#10;	Tanque cannot be resolved to a type&#10;	Tanque cannot be resolved to a type&#10;	Soldado cannot be resolved to a type&#10;	Soldado cannot be resolved to a type&#10;	Soldado cannot be resolved to a type&#10;	Soldado cannot be resolved to a type&#10;	Tanque cannot be resolved to a type&#10;	Tanque cannot be resolved to a type&#10;	Tanque cannot be resolved to a type&#10;	Tanque cannot be resolved to a type&#10;	Buque cannot be resolved to a type&#10;	Buque cannot be resolved to a type&#10;	Tanque cannot be resolved to a type&#10;	Tanque cannot be resolved to a type&#10;	Soldado cannot be resolved to a type&#10;	Soldado cannot be resolved to a type&#10;	Escudo cannot be resolved to a type&#10;	Escudo cannot be resolved to a type&#10;	Soldado cannot be resolved to a type&#10;	Soldado cannot be resolved to a type&#10;	Tanque cannot be resolved to a type&#10;	Tanque cannot be resolved to a type&#10;	Escudo cannot be resolved to a type&#10;	Escudo cannot be resolved to a type&#10;	Tanque cannot be resolved to a type&#10;	Tanque cannot be resolved to a type&#10;	Buque cannot be resolved to a type&#10;	Buque cannot be resolved to a type&#10;	Escudo cannot be resolved to a type&#10;	Escudo cannot be resolved to a type&#10;	Tanque cannot be resolved to a type&#10;	Tanque cannot be resolved to a type&#10;	ChuckNorris cannot be resolved to a type&#10;	ChuckNorris cannot be resolved to a type&#10;	Tanque cannot be resolved to a type&#10;	Tanque cannot be resolved to a type&#10;	ChuckNorris cannot be resolved to a type&#10;	ChuckNorris cannot be resolved to a type&#10;	Soldado cannot be resolved to a type&#10;	Soldado cannot be resolved to a type&#10;" type="java.lang.Error"><![CDATA[java.lang.Error: 
Unresolved compilation problems: 
	The declared package "" does not match the expected package "tu paquete"
	Soldado cannot be resolved to a type
	Soldado cannot be resolved to a type
	Tanque cannot be resolved to a type
	Tanque cannot be resolved to a type
	Buque cannot be resolved to a type
	Buque cannot be resolved to a type
	Soldado cannot be resolved to a type
	Soldado cannot be resolved to a type
	Soldado cannot be resolved to a type
	Soldado cannot be resolved to a type
	Tanque cannot be resolved to a type
	Tanque cannot be resolved to a type
	Tanque cannot be resolved to a type
	Tanque cannot be resolved to a type
	Buque cannot be resolved to a type
	Buque cannot be resolved to a type
	Tanque cannot be resolved to a type
	Tanque cannot be resolved to a type
	Soldado cannot be resolved to a type
	Soldado cannot be resolved to a type
	Soldado cannot be resolved to a type
	Soldado cannot be resolved to a type
	Tanque cannot be resolved to a type
	Tanque cannot be resolved to a type
	Tanque cannot be resolved to a type
	Tanque cannot be resolved to a type
	Buque cannot be resolved to a type
	Buque cannot be resolved to a type
	Tanque cannot be resolved to a type
	Tanque cannot be resolved to a type
	Soldado cannot be resolved to a type
	Soldado cannot be resolved to a type
	Escudo cannot be resolved to a type
	Escudo cannot be resolved to a type
	Soldado cannot be resolved to a type
	Soldado cannot be resolved to a type
	Tanque cannot be resolved to a type
	Tanque cannot be resolved to a type
	Escudo cannot be resolved to a type
	Escudo cannot be resolved to a type
	Tanque cannot be resolved to a type
	Tanque cannot be resolved to a type
	Buque cannot be resolved to a type
	Buque cannot be resolved to a type
	Escudo cannot be resolved to a type
	Escudo cannot be resolved to a type
	Tanque cannot be resolved to a type
	Tanque cannot be resolved to a type
	ChuckNorris cannot be resolved to a type
	ChuckNorris cannot be resolved to a type
	Tanque cannot be resolved to a type
	Tanque cannot be resolved to a type
	ChuckNorris cannot be resolved to a type
	ChuckNorris cannot be resolved to a type
	Soldado cannot be resolved to a type
	Soldado cannot be resolved to a type

	at tu paquete.EjercitoTest.<init>(EjercitoTest.java:1)
	at java.base/jdk.internal.reflect.DirectConstructorHandleAccessor.newInstance(DirectConstructorHandleAccessor.java:67)
	at java.base/java.lang.reflect.Constructor.newInstanceWithCaller(Constructor.java:499)
	at java.base/java.lang.reflect.Constructor.newInstance(Constructor.java:483)
	at org.junit.runners.BlockJUnit4ClassRunner.createTest(BlockJUnit4ClassRunner.java:250)
	at org.junit.runners.BlockJUnit4ClassRunner.createTest(BlockJUnit4ClassRunner.java:260)
	at org.junit.runners.BlockJUnit4ClassRunner$2.runReflectiveCall(BlockJUnit4ClassRunner.java:309)
	at org.junit.internal.runners.model.ReflectiveCallable.run(ReflectiveCallable.java:12)
	at org.junit.runners.BlockJUnit4ClassRunner.methodBlock(BlockJUnit4ClassRunner.java:306)
	at org.junit.runners.BlockJUnit4ClassRunner$1.evaluate(BlockJUnit4ClassRunner.java:100)
	at org.junit.runners.ParentRunner.runLeaf(ParentRunner.java:366)
	at org.junit.runners.BlockJUnit4ClassRunner.runChild(BlockJUnit4ClassRunner.java:103)
	at org.junit.runners.BlockJUnit4ClassRunner.runChild(BlockJUnit4ClassRunner.java:63)
	at org.junit.runners.ParentRunner$4.run(ParentRunner.java:331)
	at org.junit.runners.ParentRunner$1.schedule(ParentRunner.java:79)
	at org.junit.runners.ParentRunner.runChildren(ParentRunner.java:329)
	at org.junit.runners.ParentRunner.access$100(ParentRunner.java:66)
	at org.junit.runners.ParentRunner$2.evaluate(ParentRunner.java:293)
	at org.junit.runners.ParentRunner$3.evaluate(ParentRunner.java:306)
	at org.junit.runners.ParentRunner.run(ParentRunner.java:413)
	at org.apache.maven.surefire.junit4.JUnit4Provider.execute(JUnit4Provider.java:316)
	at org.apache.maven.surefire.junit4.JUnit4Provider.executeWithRerun(JUnit4Provider.java:240)
	at org.apache.maven.surefire.junit4.JUnit4Provider.executeTestSet(JUnit4Provider.java:214)
	at org.apache.maven.surefire.junit4.JUnit4Provider.invoke(JUnit4Provider.java:155)
	at org.apache.maven.surefire.booter.ForkedBooter.runSuitesInProcess(ForkedBooter.java:385)
	at org.apache.maven.surefire.booter.ForkedBooter.execute(ForkedBooter.java:162)
	at org.apache.maven.surefire.booter.ForkedBooter.run(ForkedBooter.java:507)
	at org.apache.maven.surefire.booter.ForkedBooter.main(ForkedBooter.java:495)
]]></error>
  </testcase>
  <testcase name="buque_puede_preguntar_si_esta_vivo_o_muerto_Test" classname="tu paquete.EjercitoTest" time="0.0">
    <error message="Unresolved compilation problems: &#10;	The declared package &quot;&quot; does not match the expected package &quot;tu paquete&quot;&#10;	Soldado cannot be resolved to a type&#10;	Soldado cannot be resolved to a type&#10;	Tanque cannot be resolved to a type&#10;	Tanque cannot be resolved to a type&#10;	Buque cannot be resolved to a type&#10;	Buque cannot be resolved to a type&#10;	Soldado cannot be resolved to a type&#10;	Soldado cannot be resolved to a type&#10;	Soldado cannot be resolved to a type&#10;	Soldado cannot be resolved to a type&#10;	Tanque cannot be resolved to a type&#10;	Tanque cannot be resolved to a type&#10;	Tanque cannot be resolved to a type&#10;	Tanque cannot be resolved to a type&#10;	Buque cannot be resolved to a type&#10;	Buque cannot be resolved to a type&#10;	Tanque cannot be resolved to a type&#10;	Tanque cannot be resolved to a type&#10;	Soldado cannot be resolved to a type&#10;	Soldado cannot be resolved to a type&#10;	Soldado cannot be resolved to a type&#10;	Soldado cannot be resolved to a type&#10;	Tanque cannot be resolved to a type&#10;	Tanque cannot be resolved to a type&#10;	Tanque cannot be resolved to a type&#10;	Tanque cannot be resolved to a type&#10;	Buque cannot be resolved to a type&#10;	Buque cannot be resolved to a type&#10;	Tanque cannot be resolved to a type&#10;	Tanque cannot be resolved to a type&#10;	Soldado cannot be resolved to a type&#10;	Soldado cannot be resolved to a type&#10;	Escudo cannot be resolved to a type&#10;	Escudo cannot be resolved to a type&#10;	Soldado cannot be resolved to a type&#10;	Soldado cannot be resolved to a type&#10;	Tanque cannot be resolved to a type&#10;	Tanque cannot be resolved to a type&#10;	Escudo cannot be resolved to a type&#10;	Escudo cannot be resolved to a type&#10;	Tanque cannot be resolved to a type&#10;	Tanque cannot be resolved to a type&#10;	Buque cannot be resolved to a type&#10;	Buque cannot be resolved to a type&#10;	Escudo cannot be resolved to a type&#10;	Escudo cannot be resolved to a type&#10;	Tanque cannot be resolved to a type&#10;	Tanque cannot be resolved to a type&#10;	ChuckNorris cannot be resolved to a type&#10;	ChuckNorris cannot be resolved to a type&#10;	Tanque cannot be resolved to a type&#10;	Tanque cannot be resolved to a type&#10;	ChuckNorris cannot be resolved to a type&#10;	ChuckNorris cannot be resolved to a type&#10;	Soldado cannot be resolved to a type&#10;	Soldado cannot be resolved to a type&#10;" type="java.lang.Error"><![CDATA[java.lang.Error: 
Unresolved compilation problems: 
	The declared package "" does not match the expected package "tu paquete"
	Soldado cannot be resolved to a type
	Soldado cannot be resolved to a type
	Tanque cannot be resolved to a type
	Tanque cannot be resolved to a type
	Buque cannot be resolved to a type
	Buque cannot be resolved to a type
	Soldado cannot be resolved to a type
	Soldado cannot be resolved to a type
	Soldado cannot be resolved to a type
	Soldado cannot be resolved to a type
	Tanque cannot be resolved to a type
	Tanque cannot be resolved to a type
	Tanque cannot be resolved to a type
	Tanque cannot be resolved to a type
	Buque cannot be resolved to a type
	Buque cannot be resolved to a type
	Tanque cannot be resolved to a type
	Tanque cannot be resolved to a type
	Soldado cannot be resolved to a type
	Soldado cannot be resolved to a type
	Soldado cannot be resolved to a type
	Soldado cannot be resolved to a type
	Tanque cannot be resolved to a type
	Tanque cannot be resolved to a type
	Tanque cannot be resolved to a type
	Tanque cannot be resolved to a type
	Buque cannot be resolved to a type
	Buque cannot be resolved to a type
	Tanque cannot be resolved to a type
	Tanque cannot be resolved to a type
	Soldado cannot be resolved to a type
	Soldado cannot be resolved to a type
	Escudo cannot be resolved to a type
	Escudo cannot be resolved to a type
	Soldado cannot be resolved to a type
	Soldado cannot be resolved to a type
	Tanque cannot be resolved to a type
	Tanque cannot be resolved to a type
	Escudo cannot be resolved to a type
	Escudo cannot be resolved to a type
	Tanque cannot be resolved to a type
	Tanque cannot be resolved to a type
	Buque cannot be resolved to a type
	Buque cannot be resolved to a type
	Escudo cannot be resolved to a type
	Escudo cannot be resolved to a type
	Tanque cannot be resolved to a type
	Tanque cannot be resolved to a type
	ChuckNorris cannot be resolved to a type
	ChuckNorris cannot be resolved to a type
	Tanque cannot be resolved to a type
	Tanque cannot be resolved to a type
	ChuckNorris cannot be resolved to a type
	ChuckNorris cannot be resolved to a type
	Soldado cannot be resolved to a type
	Soldado cannot be resolved to a type

	at tu paquete.EjercitoTest.<init>(EjercitoTest.java:1)
	at java.base/jdk.internal.reflect.DirectConstructorHandleAccessor.newInstance(DirectConstructorHandleAccessor.java:67)
	at java.base/java.lang.reflect.Constructor.newInstanceWithCaller(Constructor.java:499)
	at java.base/java.lang.reflect.Constructor.newInstance(Constructor.java:483)
	at org.junit.runners.BlockJUnit4ClassRunner.createTest(BlockJUnit4ClassRunner.java:250)
	at org.junit.runners.BlockJUnit4ClassRunner.createTest(BlockJUnit4ClassRunner.java:260)
	at org.junit.runners.BlockJUnit4ClassRunner$2.runReflectiveCall(BlockJUnit4ClassRunner.java:309)
	at org.junit.internal.runners.model.ReflectiveCallable.run(ReflectiveCallable.java:12)
	at org.junit.runners.BlockJUnit4ClassRunner.methodBlock(BlockJUnit4ClassRunner.java:306)
	at org.junit.runners.BlockJUnit4ClassRunner$1.evaluate(BlockJUnit4ClassRunner.java:100)
	at org.junit.runners.ParentRunner.runLeaf(ParentRunner.java:366)
	at org.junit.runners.BlockJUnit4ClassRunner.runChild(BlockJUnit4ClassRunner.java:103)
	at org.junit.runners.BlockJUnit4ClassRunner.runChild(BlockJUnit4ClassRunner.java:63)
	at org.junit.runners.ParentRunner$4.run(ParentRunner.java:331)
	at org.junit.runners.ParentRunner$1.schedule(ParentRunner.java:79)
	at org.junit.runners.ParentRunner.runChildren(ParentRunner.java:329)
	at org.junit.runners.ParentRunner.access$100(ParentRunner.java:66)
	at org.junit.runners.ParentRunner$2.evaluate(ParentRunner.java:293)
	at org.junit.runners.ParentRunner$3.evaluate(ParentRunner.java:306)
	at org.junit.runners.ParentRunner.run(ParentRunner.java:413)
	at org.apache.maven.surefire.junit4.JUnit4Provider.execute(JUnit4Provider.java:316)
	at org.apache.maven.surefire.junit4.JUnit4Provider.executeWithRerun(JUnit4Provider.java:240)
	at org.apache.maven.surefire.junit4.JUnit4Provider.executeTestSet(JUnit4Provider.java:214)
	at org.apache.maven.surefire.junit4.JUnit4Provider.invoke(JUnit4Provider.java:155)
	at org.apache.maven.surefire.booter.ForkedBooter.runSuitesInProcess(ForkedBooter.java:385)
	at org.apache.maven.surefire.booter.ForkedBooter.execute(ForkedBooter.java:162)
	at org.apache.maven.surefire.booter.ForkedBooter.run(ForkedBooter.java:507)
	at org.apache.maven.surefire.booter.ForkedBooter.main(ForkedBooter.java:495)
]]></error>
  </testcase>
  <testcase name="chucknorris_recibe_disparo_y_no_muere_Test" classname="tu paquete.EjercitoTest" time="0.0">
    <error message="Unresolved compilation problems: &#10;	The declared package &quot;&quot; does not match the expected package &quot;tu paquete&quot;&#10;	Soldado cannot be resolved to a type&#10;	Soldado cannot be resolved to a type&#10;	Tanque cannot be resolved to a type&#10;	Tanque cannot be resolved to a type&#10;	Buque cannot be resolved to a type&#10;	Buque cannot be resolved to a type&#10;	Soldado cannot be resolved to a type&#10;	Soldado cannot be resolved to a type&#10;	Soldado cannot be resolved to a type&#10;	Soldado cannot be resolved to a type&#10;	Tanque cannot be resolved to a type&#10;	Tanque cannot be resolved to a type&#10;	Tanque cannot be resolved to a type&#10;	Tanque cannot be resolved to a type&#10;	Buque cannot be resolved to a type&#10;	Buque cannot be resolved to a type&#10;	Tanque cannot be resolved to a type&#10;	Tanque cannot be resolved to a type&#10;	Soldado cannot be resolved to a type&#10;	Soldado cannot be resolved to a type&#10;	Soldado cannot be resolved to a type&#10;	Soldado cannot be resolved to a type&#10;	Tanque cannot be resolved to a type&#10;	Tanque cannot be resolved to a type&#10;	Tanque cannot be resolved to a type&#10;	Tanque cannot be resolved to a type&#10;	Buque cannot be resolved to a type&#10;	Buque cannot be resolved to a type&#10;	Tanque cannot be resolved to a type&#10;	Tanque cannot be resolved to a type&#10;	Soldado cannot be resolved to a type&#10;	Soldado cannot be resolved to a type&#10;	Escudo cannot be resolved to a type&#10;	Escudo cannot be resolved to a type&#10;	Soldado cannot be resolved to a type&#10;	Soldado cannot be resolved to a type&#10;	Tanque cannot be resolved to a type&#10;	Tanque cannot be resolved to a type&#10;	Escudo cannot be resolved to a type&#10;	Escudo cannot be resolved to a type&#10;	Tanque cannot be resolved to a type&#10;	Tanque cannot be resolved to a type&#10;	Buque cannot be resolved to a type&#10;	Buque cannot be resolved to a type&#10;	Escudo cannot be resolved to a type&#10;	Escudo cannot be resolved to a type&#10;	Tanque cannot be resolved to a type&#10;	Tanque cannot be resolved to a type&#10;	ChuckNorris cannot be resolved to a type&#10;	ChuckNorris cannot be resolved to a type&#10;	Tanque cannot be resolved to a type&#10;	Tanque cannot be resolved to a type&#10;	ChuckNorris cannot be resolved to a type&#10;	ChuckNorris cannot be resolved to a type&#10;	Soldado cannot be resolved to a type&#10;	Soldado cannot be resolved to a type&#10;" type="java.lang.Error"><![CDATA[java.lang.Error: 
Unresolved compilation problems: 
	The declared package "" does not match the expected package "tu paquete"
	Soldado cannot be resolved to a type
	Soldado cannot be resolved to a type
	Tanque cannot be resolved to a type
	Tanque cannot be resolved to a type
	Buque cannot be resolved to a type
	Buque cannot be resolved to a type
	Soldado cannot be resolved to a type
	Soldado cannot be resolved to a type
	Soldado cannot be resolved to a type
	Soldado cannot be resolved to a type
	Tanque cannot be resolved to a type
	Tanque cannot be resolved to a type
	Tanque cannot be resolved to a type
	Tanque cannot be resolved to a type
	Buque cannot be resolved to a type
	Buque cannot be resolved to a type
	Tanque cannot be resolved to a type
	Tanque cannot be resolved to a type
	Soldado cannot be resolved to a type
	Soldado cannot be resolved to a type
	Soldado cannot be resolved to a type
	Soldado cannot be resolved to a type
	Tanque cannot be resolved to a type
	Tanque cannot be resolved to a type
	Tanque cannot be resolved to a type
	Tanque cannot be resolved to a type
	Buque cannot be resolved to a type
	Buque cannot be resolved to a type
	Tanque cannot be resolved to a type
	Tanque cannot be resolved to a type
	Soldado cannot be resolved to a type
	Soldado cannot be resolved to a type
	Escudo cannot be resolved to a type
	Escudo cannot be resolved to a type
	Soldado cannot be resolved to a type
	Soldado cannot be resolved to a type
	Tanque cannot be resolved to a type
	Tanque cannot be resolved to a type
	Escudo cannot be resolved to a type
	Escudo cannot be resolved to a type
	Tanque cannot be resolved to a type
	Tanque cannot be resolved to a type
	Buque cannot be resolved to a type
	Buque cannot be resolved to a type
	Escudo cannot be resolved to a type
	Escudo cannot be resolved to a type
	Tanque cannot be resolved to a type
	Tanque cannot be resolved to a type
	ChuckNorris cannot be resolved to a type
	ChuckNorris cannot be resolved to a type
	Tanque cannot be resolved to a type
	Tanque cannot be resolved to a type
	ChuckNorris cannot be resolved to a type
	ChuckNorris cannot be resolved to a type
	Soldado cannot be resolved to a type
	Soldado cannot be resolved to a type

	at tu paquete.EjercitoTest.<init>(EjercitoTest.java:1)
	at java.base/jdk.internal.reflect.DirectConstructorHandleAccessor.newInstance(DirectConstructorHandleAccessor.java:67)
	at java.base/java.lang.reflect.Constructor.newInstanceWithCaller(Constructor.java:499)
	at java.base/java.lang.reflect.Constructor.newInstance(Constructor.java:483)
	at org.junit.runners.BlockJUnit4ClassRunner.createTest(BlockJUnit4ClassRunner.java:250)
	at org.junit.runners.BlockJUnit4ClassRunner.createTest(BlockJUnit4ClassRunner.java:260)
	at org.junit.runners.BlockJUnit4ClassRunner$2.runReflectiveCall(BlockJUnit4ClassRunner.java:309)
	at org.junit.internal.runners.model.ReflectiveCallable.run(ReflectiveCallable.java:12)
	at org.junit.runners.BlockJUnit4ClassRunner.methodBlock(BlockJUnit4ClassRunner.java:306)
	at org.junit.runners.BlockJUnit4ClassRunner$1.evaluate(BlockJUnit4ClassRunner.java:100)
	at org.junit.runners.ParentRunner.runLeaf(ParentRunner.java:366)
	at org.junit.runners.BlockJUnit4ClassRunner.runChild(BlockJUnit4ClassRunner.java:103)
	at org.junit.runners.BlockJUnit4ClassRunner.runChild(BlockJUnit4ClassRunner.java:63)
	at org.junit.runners.ParentRunner$4.run(ParentRunner.java:331)
	at org.junit.runners.ParentRunner$1.schedule(ParentRunner.java:79)
	at org.junit.runners.ParentRunner.runChildren(ParentRunner.java:329)
	at org.junit.runners.ParentRunner.access$100(ParentRunner.java:66)
	at org.junit.runners.ParentRunner$2.evaluate(ParentRunner.java:293)
	at org.junit.runners.ParentRunner$3.evaluate(ParentRunner.java:306)
	at org.junit.runners.ParentRunner.run(ParentRunner.java:413)
	at org.apache.maven.surefire.junit4.JUnit4Provider.execute(JUnit4Provider.java:316)
	at org.apache.maven.surefire.junit4.JUnit4Provider.executeWithRerun(JUnit4Provider.java:240)
	at org.apache.maven.surefire.junit4.JUnit4Provider.executeTestSet(JUnit4Provider.java:214)
	at org.apache.maven.surefire.junit4.JUnit4Provider.invoke(JUnit4Provider.java:155)
	at org.apache.maven.surefire.booter.ForkedBooter.runSuitesInProcess(ForkedBooter.java:385)
	at org.apache.maven.surefire.booter.ForkedBooter.execute(ForkedBooter.java:162)
	at org.apache.maven.surefire.booter.ForkedBooter.run(ForkedBooter.java:507)
	at org.apache.maven.surefire.booter.ForkedBooter.main(ForkedBooter.java:495)
]]></error>
  </testcase>
  <testcase name="buque_recibe_disparo_con_50_escudo_Test" classname="tu paquete.EjercitoTest" time="0.0">
    <error message="Unresolved compilation problems: &#10;	The declared package &quot;&quot; does not match the expected package &quot;tu paquete&quot;&#10;	Soldado cannot be resolved to a type&#10;	Soldado cannot be resolved to a type&#10;	Tanque cannot be resolved to a type&#10;	Tanque cannot be resolved to a type&#10;	Buque cannot be resolved to a type&#10;	Buque cannot be resolved to a type&#10;	Soldado cannot be resolved to a type&#10;	Soldado cannot be resolved to a type&#10;	Soldado cannot be resolved to a type&#10;	Soldado cannot be resolved to a type&#10;	Tanque cannot be resolved to a type&#10;	Tanque cannot be resolved to a type&#10;	Tanque cannot be resolved to a type&#10;	Tanque cannot be resolved to a type&#10;	Buque cannot be resolved to a type&#10;	Buque cannot be resolved to a type&#10;	Tanque cannot be resolved to a type&#10;	Tanque cannot be resolved to a type&#10;	Soldado cannot be resolved to a type&#10;	Soldado cannot be resolved to a type&#10;	Soldado cannot be resolved to a type&#10;	Soldado cannot be resolved to a type&#10;	Tanque cannot be resolved to a type&#10;	Tanque cannot be resolved to a type&#10;	Tanque cannot be resolved to a type&#10;	Tanque cannot be resolved to a type&#10;	Buque cannot be resolved to a type&#10;	Buque cannot be resolved to a type&#10;	Tanque cannot be resolved to a type&#10;	Tanque cannot be resolved to a type&#10;	Soldado cannot be resolved to a type&#10;	Soldado cannot be resolved to a type&#10;	Escudo cannot be resolved to a type&#10;	Escudo cannot be resolved to a type&#10;	Soldado cannot be resolved to a type&#10;	Soldado cannot be resolved to a type&#10;	Tanque cannot be resolved to a type&#10;	Tanque cannot be resolved to a type&#10;	Escudo cannot be resolved to a type&#10;	Escudo cannot be resolved to a type&#10;	Tanque cannot be resolved to a type&#10;	Tanque cannot be resolved to a type&#10;	Buque cannot be resolved to a type&#10;	Buque cannot be resolved to a type&#10;	Escudo cannot be resolved to a type&#10;	Escudo cannot be resolved to a type&#10;	Tanque cannot be resolved to a type&#10;	Tanque cannot be resolved to a type&#10;	ChuckNorris cannot be resolved to a type&#10;	ChuckNorris cannot be resolved to a type&#10;	Tanque cannot be resolved to a type&#10;	Tanque cannot be resolved to a type&#10;	ChuckNorris cannot be resolved to a type&#10;	ChuckNorris cannot be resolved to a type&#10;	Soldado cannot be resolved to a type&#10;	Soldado cannot be resolved to a type&#10;" type="java.lang.Error"><![CDATA[java.lang.Error: 
Unresolved compilation problems: 
	The declared package "" does not match the expected package "tu paquete"
	Soldado cannot be resolved to a type
	Soldado cannot be resolved to a type
	Tanque cannot be resolved to a type
	Tanque cannot be resolved to a type
	Buque cannot be resolved to a type
	Buque cannot be resolved to a type
	Soldado cannot be resolved to a type
	Soldado cannot be resolved to a type
	Soldado cannot be resolved to a type
	Soldado cannot be resolved to a type
	Tanque cannot be resolved to a type
	Tanque cannot be resolved to a type
	Tanque cannot be resolved to a type
	Tanque cannot be resolved to a type
	Buque cannot be resolved to a type
	Buque cannot be resolved to a type
	Tanque cannot be resolved to a type
	Tanque cannot be resolved to a type
	Soldado cannot be resolved to a type
	Soldado cannot be resolved to a type
	Soldado cannot be resolved to a type
	Soldado cannot be resolved to a type
	Tanque cannot be resolved to a type
	Tanque cannot be resolved to a type
	Tanque cannot be resolved to a type
	Tanque cannot be resolved to a type
	Buque cannot be resolved to a type
	Buque cannot be resolved to a type
	Tanque cannot be resolved to a type
	Tanque cannot be resolved to a type
	Soldado cannot be resolved to a type
	Soldado cannot be resolved to a type
	Escudo cannot be resolved to a type
	Escudo cannot be resolved to a type
	Soldado cannot be resolved to a type
	Soldado cannot be resolved to a type
	Tanque cannot be resolved to a type
	Tanque cannot be resolved to a type
	Escudo cannot be resolved to a type
	Escudo cannot be resolved to a type
	Tanque cannot be resolved to a type
	Tanque cannot be resolved to a type
	Buque cannot be resolved to a type
	Buque cannot be resolved to a type
	Escudo cannot be resolved to a type
	Escudo cannot be resolved to a type
	Tanque cannot be resolved to a type
	Tanque cannot be resolved to a type
	ChuckNorris cannot be resolved to a type
	ChuckNorris cannot be resolved to a type
	Tanque cannot be resolved to a type
	Tanque cannot be resolved to a type
	ChuckNorris cannot be resolved to a type
	ChuckNorris cannot be resolved to a type
	Soldado cannot be resolved to a type
	Soldado cannot be resolved to a type

	at tu paquete.EjercitoTest.<init>(EjercitoTest.java:1)
	at java.base/jdk.internal.reflect.DirectConstructorHandleAccessor.newInstance(DirectConstructorHandleAccessor.java:67)
	at java.base/java.lang.reflect.Constructor.newInstanceWithCaller(Constructor.java:499)
	at java.base/java.lang.reflect.Constructor.newInstance(Constructor.java:483)
	at org.junit.runners.BlockJUnit4ClassRunner.createTest(BlockJUnit4ClassRunner.java:250)
	at org.junit.runners.BlockJUnit4ClassRunner.createTest(BlockJUnit4ClassRunner.java:260)
	at org.junit.runners.BlockJUnit4ClassRunner$2.runReflectiveCall(BlockJUnit4ClassRunner.java:309)
	at org.junit.internal.runners.model.ReflectiveCallable.run(ReflectiveCallable.java:12)
	at org.junit.runners.BlockJUnit4ClassRunner.methodBlock(BlockJUnit4ClassRunner.java:306)
	at org.junit.runners.BlockJUnit4ClassRunner$1.evaluate(BlockJUnit4ClassRunner.java:100)
	at org.junit.runners.ParentRunner.runLeaf(ParentRunner.java:366)
	at org.junit.runners.BlockJUnit4ClassRunner.runChild(BlockJUnit4ClassRunner.java:103)
	at org.junit.runners.BlockJUnit4ClassRunner.runChild(BlockJUnit4ClassRunner.java:63)
	at org.junit.runners.ParentRunner$4.run(ParentRunner.java:331)
	at org.junit.runners.ParentRunner$1.schedule(ParentRunner.java:79)
	at org.junit.runners.ParentRunner.runChildren(ParentRunner.java:329)
	at org.junit.runners.ParentRunner.access$100(ParentRunner.java:66)
	at org.junit.runners.ParentRunner$2.evaluate(ParentRunner.java:293)
	at org.junit.runners.ParentRunner$3.evaluate(ParentRunner.java:306)
	at org.junit.runners.ParentRunner.run(ParentRunner.java:413)
	at org.apache.maven.surefire.junit4.JUnit4Provider.execute(JUnit4Provider.java:316)
	at org.apache.maven.surefire.junit4.JUnit4Provider.executeWithRerun(JUnit4Provider.java:240)
	at org.apache.maven.surefire.junit4.JUnit4Provider.executeTestSet(JUnit4Provider.java:214)
	at org.apache.maven.surefire.junit4.JUnit4Provider.invoke(JUnit4Provider.java:155)
	at org.apache.maven.surefire.booter.ForkedBooter.runSuitesInProcess(ForkedBooter.java:385)
	at org.apache.maven.surefire.booter.ForkedBooter.execute(ForkedBooter.java:162)
	at org.apache.maven.surefire.booter.ForkedBooter.run(ForkedBooter.java:507)
	at org.apache.maven.surefire.booter.ForkedBooter.main(ForkedBooter.java:495)
]]></error>
  </testcase>
  <testcase name="tanque_recibe_disparo_con_50_escudo_Test" classname="tu paquete.EjercitoTest" time="0.0">
    <error message="Unresolved compilation problems: &#10;	The declared package &quot;&quot; does not match the expected package &quot;tu paquete&quot;&#10;	Soldado cannot be resolved to a type&#10;	Soldado cannot be resolved to a type&#10;	Tanque cannot be resolved to a type&#10;	Tanque cannot be resolved to a type&#10;	Buque cannot be resolved to a type&#10;	Buque cannot be resolved to a type&#10;	Soldado cannot be resolved to a type&#10;	Soldado cannot be resolved to a type&#10;	Soldado cannot be resolved to a type&#10;	Soldado cannot be resolved to a type&#10;	Tanque cannot be resolved to a type&#10;	Tanque cannot be resolved to a type&#10;	Tanque cannot be resolved to a type&#10;	Tanque cannot be resolved to a type&#10;	Buque cannot be resolved to a type&#10;	Buque cannot be resolved to a type&#10;	Tanque cannot be resolved to a type&#10;	Tanque cannot be resolved to a type&#10;	Soldado cannot be resolved to a type&#10;	Soldado cannot be resolved to a type&#10;	Soldado cannot be resolved to a type&#10;	Soldado cannot be resolved to a type&#10;	Tanque cannot be resolved to a type&#10;	Tanque cannot be resolved to a type&#10;	Tanque cannot be resolved to a type&#10;	Tanque cannot be resolved to a type&#10;	Buque cannot be resolved to a type&#10;	Buque cannot be resolved to a type&#10;	Tanque cannot be resolved to a type&#10;	Tanque cannot be resolved to a type&#10;	Soldado cannot be resolved to a type&#10;	Soldado cannot be resolved to a type&#10;	Escudo cannot be resolved to a type&#10;	Escudo cannot be resolved to a type&#10;	Soldado cannot be resolved to a type&#10;	Soldado cannot be resolved to a type&#10;	Tanque cannot be resolved to a type&#10;	Tanque cannot be resolved to a type&#10;	Escudo cannot be resolved to a type&#10;	Escudo cannot be resolved to a type&#10;	Tanque cannot be resolved to a type&#10;	Tanque cannot be resolved to a type&#10;	Buque cannot be resolved to a type&#10;	Buque cannot be resolved to a type&#10;	Escudo cannot be resolved to a type&#10;	Escudo cannot be resolved to a type&#10;	Tanque cannot be resolved to a type&#10;	Tanque cannot be resolved to a type&#10;	ChuckNorris cannot be resolved to a type&#10;	ChuckNorris cannot be resolved to a type&#10;	Tanque cannot be resolved to a type&#10;	Tanque cannot be resolved to a type&#10;	ChuckNorris cannot be resolved to a type&#10;	ChuckNorris cannot be resolved to a type&#10;	Soldado cannot be resolved to a type&#10;	Soldado cannot be resolved to a type&#10;" type="java.lang.Error"><![CDATA[java.lang.Error: 
Unresolved compilation problems: 
	The declared package "" does not match the expected package "tu paquete"
	Soldado cannot be resolved to a type
	Soldado cannot be resolved to a type
	Tanque cannot be resolved to a type
	Tanque cannot be resolved to a type
	Buque cannot be resolved to a type
	Buque cannot be resolved to a type
	Soldado cannot be resolved to a type
	Soldado cannot be resolved to a type
	Soldado cannot be resolved to a type
	Soldado cannot be resolved to a type
	Tanque cannot be resolved to a type
	Tanque cannot be resolved to a type
	Tanque cannot be resolved to a type
	Tanque cannot be resolved to a type
	Buque cannot be resolved to a type
	Buque cannot be resolved to a type
	Tanque cannot be resolved to a type
	Tanque cannot be resolved to a type
	Soldado cannot be resolved to a type
	Soldado cannot be resolved to a type
	Soldado cannot be resolved to a type
	Soldado cannot be resolved to a type
	Tanque cannot be resolved to a type
	Tanque cannot be resolved to a type
	Tanque cannot be resolved to a type
	Tanque cannot be resolved to a type
	Buque cannot be resolved to a type
	Buque cannot be resolved to a type
	Tanque cannot be resolved to a type
	Tanque cannot be resolved to a type
	Soldado cannot be resolved to a type
	Soldado cannot be resolved to a type
	Escudo cannot be resolved to a type
	Escudo cannot be resolved to a type
	Soldado cannot be resolved to a type
	Soldado cannot be resolved to a type
	Tanque cannot be resolved to a type
	Tanque cannot be resolved to a type
	Escudo cannot be resolved to a type
	Escudo cannot be resolved to a type
	Tanque cannot be resolved to a type
	Tanque cannot be resolved to a type
	Buque cannot be resolved to a type
	Buque cannot be resolved to a type
	Escudo cannot be resolved to a type
	Escudo cannot be resolved to a type
	Tanque cannot be resolved to a type
	Tanque cannot be resolved to a type
	ChuckNorris cannot be resolved to a type
	ChuckNorris cannot be resolved to a type
	Tanque cannot be resolved to a type
	Tanque cannot be resolved to a type
	ChuckNorris cannot be resolved to a type
	ChuckNorris cannot be resolved to a type
	Soldado cannot be resolved to a type
	Soldado cannot be resolved to a type

	at tu paquete.EjercitoTest.<init>(EjercitoTest.java:1)
	at java.base/jdk.internal.reflect.DirectConstructorHandleAccessor.newInstance(DirectConstructorHandleAccessor.java:67)
	at java.base/java.lang.reflect.Constructor.newInstanceWithCaller(Constructor.java:499)
	at java.base/java.lang.reflect.Constructor.newInstance(Constructor.java:483)
	at org.junit.runners.BlockJUnit4ClassRunner.createTest(BlockJUnit4ClassRunner.java:250)
	at org.junit.runners.BlockJUnit4ClassRunner.createTest(BlockJUnit4ClassRunner.java:260)
	at org.junit.runners.BlockJUnit4ClassRunner$2.runReflectiveCall(BlockJUnit4ClassRunner.java:309)
	at org.junit.internal.runners.model.ReflectiveCallable.run(ReflectiveCallable.java:12)
	at org.junit.runners.BlockJUnit4ClassRunner.methodBlock(BlockJUnit4ClassRunner.java:306)
	at org.junit.runners.BlockJUnit4ClassRunner$1.evaluate(BlockJUnit4ClassRunner.java:100)
	at org.junit.runners.ParentRunner.runLeaf(ParentRunner.java:366)
	at org.junit.runners.BlockJUnit4ClassRunner.runChild(BlockJUnit4ClassRunner.java:103)
	at org.junit.runners.BlockJUnit4ClassRunner.runChild(BlockJUnit4ClassRunner.java:63)
	at org.junit.runners.ParentRunner$4.run(ParentRunner.java:331)
	at org.junit.runners.ParentRunner$1.schedule(ParentRunner.java:79)
	at org.junit.runners.ParentRunner.runChildren(ParentRunner.java:329)
	at org.junit.runners.ParentRunner.access$100(ParentRunner.java:66)
	at org.junit.runners.ParentRunner$2.evaluate(ParentRunner.java:293)
	at org.junit.runners.ParentRunner$3.evaluate(ParentRunner.java:306)
	at org.junit.runners.ParentRunner.run(ParentRunner.java:413)
	at org.apache.maven.surefire.junit4.JUnit4Provider.execute(JUnit4Provider.java:316)
	at org.apache.maven.surefire.junit4.JUnit4Provider.executeWithRerun(JUnit4Provider.java:240)
	at org.apache.maven.surefire.junit4.JUnit4Provider.executeTestSet(JUnit4Provider.java:214)
	at org.apache.maven.surefire.junit4.JUnit4Provider.invoke(JUnit4Provider.java:155)
	at org.apache.maven.surefire.booter.ForkedBooter.runSuitesInProcess(ForkedBooter.java:385)
	at org.apache.maven.surefire.booter.ForkedBooter.execute(ForkedBooter.java:162)
	at org.apache.maven.surefire.booter.ForkedBooter.run(ForkedBooter.java:507)
	at org.apache.maven.surefire.booter.ForkedBooter.main(ForkedBooter.java:495)
]]></error>
  </testcase>
  <testcase name="tanque_puede_preguntar_si_esta_vivo_o_muerto_Test" classname="tu paquete.EjercitoTest" time="0.0">
    <error message="Unresolved compilation problems: &#10;	The declared package &quot;&quot; does not match the expected package &quot;tu paquete&quot;&#10;	Soldado cannot be resolved to a type&#10;	Soldado cannot be resolved to a type&#10;	Tanque cannot be resolved to a type&#10;	Tanque cannot be resolved to a type&#10;	Buque cannot be resolved to a type&#10;	Buque cannot be resolved to a type&#10;	Soldado cannot be resolved to a type&#10;	Soldado cannot be resolved to a type&#10;	Soldado cannot be resolved to a type&#10;	Soldado cannot be resolved to a type&#10;	Tanque cannot be resolved to a type&#10;	Tanque cannot be resolved to a type&#10;	Tanque cannot be resolved to a type&#10;	Tanque cannot be resolved to a type&#10;	Buque cannot be resolved to a type&#10;	Buque cannot be resolved to a type&#10;	Tanque cannot be resolved to a type&#10;	Tanque cannot be resolved to a type&#10;	Soldado cannot be resolved to a type&#10;	Soldado cannot be resolved to a type&#10;	Soldado cannot be resolved to a type&#10;	Soldado cannot be resolved to a type&#10;	Tanque cannot be resolved to a type&#10;	Tanque cannot be resolved to a type&#10;	Tanque cannot be resolved to a type&#10;	Tanque cannot be resolved to a type&#10;	Buque cannot be resolved to a type&#10;	Buque cannot be resolved to a type&#10;	Tanque cannot be resolved to a type&#10;	Tanque cannot be resolved to a type&#10;	Soldado cannot be resolved to a type&#10;	Soldado cannot be resolved to a type&#10;	Escudo cannot be resolved to a type&#10;	Escudo cannot be resolved to a type&#10;	Soldado cannot be resolved to a type&#10;	Soldado cannot be resolved to a type&#10;	Tanque cannot be resolved to a type&#10;	Tanque cannot be resolved to a type&#10;	Escudo cannot be resolved to a type&#10;	Escudo cannot be resolved to a type&#10;	Tanque cannot be resolved to a type&#10;	Tanque cannot be resolved to a type&#10;	Buque cannot be resolved to a type&#10;	Buque cannot be resolved to a type&#10;	Escudo cannot be resolved to a type&#10;	Escudo cannot be resolved to a type&#10;	Tanque cannot be resolved to a type&#10;	Tanque cannot be resolved to a type&#10;	ChuckNorris cannot be resolved to a type&#10;	ChuckNorris cannot be resolved to a type&#10;	Tanque cannot be resolved to a type&#10;	Tanque cannot be resolved to a type&#10;	ChuckNorris cannot be resolved to a type&#10;	ChuckNorris cannot be resolved to a type&#10;	Soldado cannot be resolved to a type&#10;	Soldado cannot be resolved to a type&#10;" type="java.lang.Error"><![CDATA[java.lang.Error: 
Unresolved compilation problems: 
	The declared package "" does not match the expected package "tu paquete"
	Soldado cannot be resolved to a type
	Soldado cannot be resolved to a type
	Tanque cannot be resolved to a type
	Tanque cannot be resolved to a type
	Buque cannot be resolved to a type
	Buque cannot be resolved to a type
	Soldado cannot be resolved to a type
	Soldado cannot be resolved to a type
	Soldado cannot be resolved to a type
	Soldado cannot be resolved to a type
	Tanque cannot be resolved to a type
	Tanque cannot be resolved to a type
	Tanque cannot be resolved to a type
	Tanque cannot be resolved to a type
	Buque cannot be resolved to a type
	Buque cannot be resolved to a type
	Tanque cannot be resolved to a type
	Tanque cannot be resolved to a type
	Soldado cannot be resolved to a type
	Soldado cannot be resolved to a type
	Soldado cannot be resolved to a type
	Soldado cannot be resolved to a type
	Tanque cannot be resolved to a type
	Tanque cannot be resolved to a type
	Tanque cannot be resolved to a type
	Tanque cannot be resolved to a type
	Buque cannot be resolved to a type
	Buque cannot be resolved to a type
	Tanque cannot be resolved to a type
	Tanque cannot be resolved to a type
	Soldado cannot be resolved to a type
	Soldado cannot be resolved to a type
	Escudo cannot be resolved to a type
	Escudo cannot be resolved to a type
	Soldado cannot be resolved to a type
	Soldado cannot be resolved to a type
	Tanque cannot be resolved to a type
	Tanque cannot be resolved to a type
	Escudo cannot be resolved to a type
	Escudo cannot be resolved to a type
	Tanque cannot be resolved to a type
	Tanque cannot be resolved to a type
	Buque cannot be resolved to a type
	Buque cannot be resolved to a type
	Escudo cannot be resolved to a type
	Escudo cannot be resolved to a type
	Tanque cannot be resolved to a type
	Tanque cannot be resolved to a type
	ChuckNorris cannot be resolved to a type
	ChuckNorris cannot be resolved to a type
	Tanque cannot be resolved to a type
	Tanque cannot be resolved to a type
	ChuckNorris cannot be resolved to a type
	ChuckNorris cannot be resolved to a type
	Soldado cannot be resolved to a type
	Soldado cannot be resolved to a type

	at tu paquete.EjercitoTest.<init>(EjercitoTest.java:1)
	at java.base/jdk.internal.reflect.DirectConstructorHandleAccessor.newInstance(DirectConstructorHandleAccessor.java:67)
	at java.base/java.lang.reflect.Constructor.newInstanceWithCaller(Constructor.java:499)
	at java.base/java.lang.reflect.Constructor.newInstance(Constructor.java:483)
	at org.junit.runners.BlockJUnit4ClassRunner.createTest(BlockJUnit4ClassRunner.java:250)
	at org.junit.runners.BlockJUnit4ClassRunner.createTest(BlockJUnit4ClassRunner.java:260)
	at org.junit.runners.BlockJUnit4ClassRunner$2.runReflectiveCall(BlockJUnit4ClassRunner.java:309)
	at org.junit.internal.runners.model.ReflectiveCallable.run(ReflectiveCallable.java:12)
	at org.junit.runners.BlockJUnit4ClassRunner.methodBlock(BlockJUnit4ClassRunner.java:306)
	at org.junit.runners.BlockJUnit4ClassRunner$1.evaluate(BlockJUnit4ClassRunner.java:100)
	at org.junit.runners.ParentRunner.runLeaf(ParentRunner.java:366)
	at org.junit.runners.BlockJUnit4ClassRunner.runChild(BlockJUnit4ClassRunner.java:103)
	at org.junit.runners.BlockJUnit4ClassRunner.runChild(BlockJUnit4ClassRunner.java:63)
	at org.junit.runners.ParentRunner$4.run(ParentRunner.java:331)
	at org.junit.runners.ParentRunner$1.schedule(ParentRunner.java:79)
	at org.junit.runners.ParentRunner.runChildren(ParentRunner.java:329)
	at org.junit.runners.ParentRunner.access$100(ParentRunner.java:66)
	at org.junit.runners.ParentRunner$2.evaluate(ParentRunner.java:293)
	at org.junit.runners.ParentRunner$3.evaluate(ParentRunner.java:306)
	at org.junit.runners.ParentRunner.run(ParentRunner.java:413)
	at org.apache.maven.surefire.junit4.JUnit4Provider.execute(JUnit4Provider.java:316)
	at org.apache.maven.surefire.junit4.JUnit4Provider.executeWithRerun(JUnit4Provider.java:240)
	at org.apache.maven.surefire.junit4.JUnit4Provider.executeTestSet(JUnit4Provider.java:214)
	at org.apache.maven.surefire.junit4.JUnit4Provider.invoke(JUnit4Provider.java:155)
	at org.apache.maven.surefire.booter.ForkedBooter.runSuitesInProcess(ForkedBooter.java:385)
	at org.apache.maven.surefire.booter.ForkedBooter.execute(ForkedBooter.java:162)
	at org.apache.maven.surefire.booter.ForkedBooter.run(ForkedBooter.java:507)
	at org.apache.maven.surefire.booter.ForkedBooter.main(ForkedBooter.java:495)
]]></error>
  </testcase>
  <testcase name="soldado_puede_disparar_Test" classname="tu paquete.EjercitoTest" time="0.0">
    <error message="Unresolved compilation problems: &#10;	The declared package &quot;&quot; does not match the expected package &quot;tu paquete&quot;&#10;	Soldado cannot be resolved to a type&#10;	Soldado cannot be resolved to a type&#10;	Tanque cannot be resolved to a type&#10;	Tanque cannot be resolved to a type&#10;	Buque cannot be resolved to a type&#10;	Buque cannot be resolved to a type&#10;	Soldado cannot be resolved to a type&#10;	Soldado cannot be resolved to a type&#10;	Soldado cannot be resolved to a type&#10;	Soldado cannot be resolved to a type&#10;	Tanque cannot be resolved to a type&#10;	Tanque cannot be resolved to a type&#10;	Tanque cannot be resolved to a type&#10;	Tanque cannot be resolved to a type&#10;	Buque cannot be resolved to a type&#10;	Buque cannot be resolved to a type&#10;	Tanque cannot be resolved to a type&#10;	Tanque cannot be resolved to a type&#10;	Soldado cannot be resolved to a type&#10;	Soldado cannot be resolved to a type&#10;	Soldado cannot be resolved to a type&#10;	Soldado cannot be resolved to a type&#10;	Tanque cannot be resolved to a type&#10;	Tanque cannot be resolved to a type&#10;	Tanque cannot be resolved to a type&#10;	Tanque cannot be resolved to a type&#10;	Buque cannot be resolved to a type&#10;	Buque cannot be resolved to a type&#10;	Tanque cannot be resolved to a type&#10;	Tanque cannot be resolved to a type&#10;	Soldado cannot be resolved to a type&#10;	Soldado cannot be resolved to a type&#10;	Escudo cannot be resolved to a type&#10;	Escudo cannot be resolved to a type&#10;	Soldado cannot be resolved to a type&#10;	Soldado cannot be resolved to a type&#10;	Tanque cannot be resolved to a type&#10;	Tanque cannot be resolved to a type&#10;	Escudo cannot be resolved to a type&#10;	Escudo cannot be resolved to a type&#10;	Tanque cannot be resolved to a type&#10;	Tanque cannot be resolved to a type&#10;	Buque cannot be resolved to a type&#10;	Buque cannot be resolved to a type&#10;	Escudo cannot be resolved to a type&#10;	Escudo cannot be resolved to a type&#10;	Tanque cannot be resolved to a type&#10;	Tanque cannot be resolved to a type&#10;	ChuckNorris cannot be resolved to a type&#10;	ChuckNorris cannot be resolved to a type&#10;	Tanque cannot be resolved to a type&#10;	Tanque cannot be resolved to a type&#10;	ChuckNorris cannot be resolved to a type&#10;	ChuckNorris cannot be resolved to a type&#10;	Soldado cannot be resolved to a type&#10;	Soldado cannot be resolved to a type&#10;" type="java.lang.Error"><![CDATA[java.lang.Error: 
Unresolved compilation problems: 
	The declared package "" does not match the expected package "tu paquete"
	Soldado cannot be resolved to a type
	Soldado cannot be resolved to a type
	Tanque cannot be resolved to a type
	Tanque cannot be resolved to a type
	Buque cannot be resolved to a type
	Buque cannot be resolved to a type
	Soldado cannot be resolved to a type
	Soldado cannot be resolved to a type
	Soldado cannot be resolved to a type
	Soldado cannot be resolved to a type
	Tanque cannot be resolved to a type
	Tanque cannot be resolved to a type
	Tanque cannot be resolved to a type
	Tanque cannot be resolved to a type
	Buque cannot be resolved to a type
	Buque cannot be resolved to a type
	Tanque cannot be resolved to a type
	Tanque cannot be resolved to a type
	Soldado cannot be resolved to a type
	Soldado cannot be resolved to a type
	Soldado cannot be resolved to a type
	Soldado cannot be resolved to a type
	Tanque cannot be resolved to a type
	Tanque cannot be resolved to a type
	Tanque cannot be resolved to a type
	Tanque cannot be resolved to a type
	Buque cannot be resolved to a type
	Buque cannot be resolved to a type
	Tanque cannot be resolved to a type
	Tanque cannot be resolved to a type
	Soldado cannot be resolved to a type
	Soldado cannot be resolved to a type
	Escudo cannot be resolved to a type
	Escudo cannot be resolved to a type
	Soldado cannot be resolved to a type
	Soldado cannot be resolved to a type
	Tanque cannot be resolved to a type
	Tanque cannot be resolved to a type
	Escudo cannot be resolved to a type
	Escudo cannot be resolved to a type
	Tanque cannot be resolved to a type
	Tanque cannot be resolved to a type
	Buque cannot be resolved to a type
	Buque cannot be resolved to a type
	Escudo cannot be resolved to a type
	Escudo cannot be resolved to a type
	Tanque cannot be resolved to a type
	Tanque cannot be resolved to a type
	ChuckNorris cannot be resolved to a type
	ChuckNorris cannot be resolved to a type
	Tanque cannot be resolved to a type
	Tanque cannot be resolved to a type
	ChuckNorris cannot be resolved to a type
	ChuckNorris cannot be resolved to a type
	Soldado cannot be resolved to a type
	Soldado cannot be resolved to a type

	at tu paquete.EjercitoTest.<init>(EjercitoTest.java:1)
	at java.base/jdk.internal.reflect.DirectConstructorHandleAccessor.newInstance(DirectConstructorHandleAccessor.java:67)
	at java.base/java.lang.reflect.Constructor.newInstanceWithCaller(Constructor.java:499)
	at java.base/java.lang.reflect.Constructor.newInstance(Constructor.java:483)
	at org.junit.runners.BlockJUnit4ClassRunner.createTest(BlockJUnit4ClassRunner.java:250)
	at org.junit.runners.BlockJUnit4ClassRunner.createTest(BlockJUnit4ClassRunner.java:260)
	at org.junit.runners.BlockJUnit4ClassRunner$2.runReflectiveCall(BlockJUnit4ClassRunner.java:309)
	at org.junit.internal.runners.model.ReflectiveCallable.run(ReflectiveCallable.java:12)
	at org.junit.runners.BlockJUnit4ClassRunner.methodBlock(BlockJUnit4ClassRunner.java:306)
	at org.junit.runners.BlockJUnit4ClassRunner$1.evaluate(BlockJUnit4ClassRunner.java:100)
	at org.junit.runners.ParentRunner.runLeaf(ParentRunner.java:366)
	at org.junit.runners.BlockJUnit4ClassRunner.runChild(BlockJUnit4ClassRunner.java:103)
	at org.junit.runners.BlockJUnit4ClassRunner.runChild(BlockJUnit4ClassRunner.java:63)
	at org.junit.runners.ParentRunner$4.run(ParentRunner.java:331)
	at org.junit.runners.ParentRunner$1.schedule(ParentRunner.java:79)
	at org.junit.runners.ParentRunner.runChildren(ParentRunner.java:329)
	at org.junit.runners.ParentRunner.access$100(ParentRunner.java:66)
	at org.junit.runners.ParentRunner$2.evaluate(ParentRunner.java:293)
	at org.junit.runners.ParentRunner$3.evaluate(ParentRunner.java:306)
	at org.junit.runners.ParentRunner.run(ParentRunner.java:413)
	at org.apache.maven.surefire.junit4.JUnit4Provider.execute(JUnit4Provider.java:316)
	at org.apache.maven.surefire.junit4.JUnit4Provider.executeWithRerun(JUnit4Provider.java:240)
	at org.apache.maven.surefire.junit4.JUnit4Provider.executeTestSet(JUnit4Provider.java:214)
	at org.apache.maven.surefire.junit4.JUnit4Provider.invoke(JUnit4Provider.java:155)
	at org.apache.maven.surefire.booter.ForkedBooter.runSuitesInProcess(ForkedBooter.java:385)
	at org.apache.maven.surefire.booter.ForkedBooter.execute(ForkedBooter.java:162)
	at org.apache.maven.surefire.booter.ForkedBooter.run(ForkedBooter.java:507)
	at org.apache.maven.surefire.booter.ForkedBooter.main(ForkedBooter.java:495)
]]></error>
  </testcase>
  <testcase name="buque_puede_disparar_Test" classname="tu paquete.EjercitoTest" time="0.0">
    <error message="Unresolved compilation problems: &#10;	The declared package &quot;&quot; does not match the expected package &quot;tu paquete&quot;&#10;	Soldado cannot be resolved to a type&#10;	Soldado cannot be resolved to a type&#10;	Tanque cannot be resolved to a type&#10;	Tanque cannot be resolved to a type&#10;	Buque cannot be resolved to a type&#10;	Buque cannot be resolved to a type&#10;	Soldado cannot be resolved to a type&#10;	Soldado cannot be resolved to a type&#10;	Soldado cannot be resolved to a type&#10;	Soldado cannot be resolved to a type&#10;	Tanque cannot be resolved to a type&#10;	Tanque cannot be resolved to a type&#10;	Tanque cannot be resolved to a type&#10;	Tanque cannot be resolved to a type&#10;	Buque cannot be resolved to a type&#10;	Buque cannot be resolved to a type&#10;	Tanque cannot be resolved to a type&#10;	Tanque cannot be resolved to a type&#10;	Soldado cannot be resolved to a type&#10;	Soldado cannot be resolved to a type&#10;	Soldado cannot be resolved to a type&#10;	Soldado cannot be resolved to a type&#10;	Tanque cannot be resolved to a type&#10;	Tanque cannot be resolved to a type&#10;	Tanque cannot be resolved to a type&#10;	Tanque cannot be resolved to a type&#10;	Buque cannot be resolved to a type&#10;	Buque cannot be resolved to a type&#10;	Tanque cannot be resolved to a type&#10;	Tanque cannot be resolved to a type&#10;	Soldado cannot be resolved to a type&#10;	Soldado cannot be resolved to a type&#10;	Escudo cannot be resolved to a type&#10;	Escudo cannot be resolved to a type&#10;	Soldado cannot be resolved to a type&#10;	Soldado cannot be resolved to a type&#10;	Tanque cannot be resolved to a type&#10;	Tanque cannot be resolved to a type&#10;	Escudo cannot be resolved to a type&#10;	Escudo cannot be resolved to a type&#10;	Tanque cannot be resolved to a type&#10;	Tanque cannot be resolved to a type&#10;	Buque cannot be resolved to a type&#10;	Buque cannot be resolved to a type&#10;	Escudo cannot be resolved to a type&#10;	Escudo cannot be resolved to a type&#10;	Tanque cannot be resolved to a type&#10;	Tanque cannot be resolved to a type&#10;	ChuckNorris cannot be resolved to a type&#10;	ChuckNorris cannot be resolved to a type&#10;	Tanque cannot be resolved to a type&#10;	Tanque cannot be resolved to a type&#10;	ChuckNorris cannot be resolved to a type&#10;	ChuckNorris cannot be resolved to a type&#10;	Soldado cannot be resolved to a type&#10;	Soldado cannot be resolved to a type&#10;" type="java.lang.Error"><![CDATA[java.lang.Error: 
Unresolved compilation problems: 
	The declared package "" does not match the expected package "tu paquete"
	Soldado cannot be resolved to a type
	Soldado cannot be resolved to a type
	Tanque cannot be resolved to a type
	Tanque cannot be resolved to a type
	Buque cannot be resolved to a type
	Buque cannot be resolved to a type
	Soldado cannot be resolved to a type
	Soldado cannot be resolved to a type
	Soldado cannot be resolved to a type
	Soldado cannot be resolved to a type
	Tanque cannot be resolved to a type
	Tanque cannot be resolved to a type
	Tanque cannot be resolved to a type
	Tanque cannot be resolved to a type
	Buque cannot be resolved to a type
	Buque cannot be resolved to a type
	Tanque cannot be resolved to a type
	Tanque cannot be resolved to a type
	Soldado cannot be resolved to a type
	Soldado cannot be resolved to a type
	Soldado cannot be resolved to a type
	Soldado cannot be resolved to a type
	Tanque cannot be resolved to a type
	Tanque cannot be resolved to a type
	Tanque cannot be resolved to a type
	Tanque cannot be resolved to a type
	Buque cannot be resolved to a type
	Buque cannot be resolved to a type
	Tanque cannot be resolved to a type
	Tanque cannot be resolved to a type
	Soldado cannot be resolved to a type
	Soldado cannot be resolved to a type
	Escudo cannot be resolved to a type
	Escudo cannot be resolved to a type
	Soldado cannot be resolved to a type
	Soldado cannot be resolved to a type
	Tanque cannot be resolved to a type
	Tanque cannot be resolved to a type
	Escudo cannot be resolved to a type
	Escudo cannot be resolved to a type
	Tanque cannot be resolved to a type
	Tanque cannot be resolved to a type
	Buque cannot be resolved to a type
	Buque cannot be resolved to a type
	Escudo cannot be resolved to a type
	Escudo cannot be resolved to a type
	Tanque cannot be resolved to a type
	Tanque cannot be resolved to a type
	ChuckNorris cannot be resolved to a type
	ChuckNorris cannot be resolved to a type
	Tanque cannot be resolved to a type
	Tanque cannot be resolved to a type
	ChuckNorris cannot be resolved to a type
	ChuckNorris cannot be resolved to a type
	Soldado cannot be resolved to a type
	Soldado cannot be resolved to a type

	at tu paquete.EjercitoTest.<init>(EjercitoTest.java:1)
	at java.base/jdk.internal.reflect.DirectConstructorHandleAccessor.newInstance(DirectConstructorHandleAccessor.java:67)
	at java.base/java.lang.reflect.Constructor.newInstanceWithCaller(Constructor.java:499)
	at java.base/java.lang.reflect.Constructor.newInstance(Constructor.java:483)
	at org.junit.runners.BlockJUnit4ClassRunner.createTest(BlockJUnit4ClassRunner.java:250)
	at org.junit.runners.BlockJUnit4ClassRunner.createTest(BlockJUnit4ClassRunner.java:260)
	at org.junit.runners.BlockJUnit4ClassRunner$2.runReflectiveCall(BlockJUnit4ClassRunner.java:309)
	at org.junit.internal.runners.model.ReflectiveCallable.run(ReflectiveCallable.java:12)
	at org.junit.runners.BlockJUnit4ClassRunner.methodBlock(BlockJUnit4ClassRunner.java:306)
	at org.junit.runners.BlockJUnit4ClassRunner$1.evaluate(BlockJUnit4ClassRunner.java:100)
	at org.junit.runners.ParentRunner.runLeaf(ParentRunner.java:366)
	at org.junit.runners.BlockJUnit4ClassRunner.runChild(BlockJUnit4ClassRunner.java:103)
	at org.junit.runners.BlockJUnit4ClassRunner.runChild(BlockJUnit4ClassRunner.java:63)
	at org.junit.runners.ParentRunner$4.run(ParentRunner.java:331)
	at org.junit.runners.ParentRunner$1.schedule(ParentRunner.java:79)
	at org.junit.runners.ParentRunner.runChildren(ParentRunner.java:329)
	at org.junit.runners.ParentRunner.access$100(ParentRunner.java:66)
	at org.junit.runners.ParentRunner$2.evaluate(ParentRunner.java:293)
	at org.junit.runners.ParentRunner$3.evaluate(ParentRunner.java:306)
	at org.junit.runners.ParentRunner.run(ParentRunner.java:413)
	at org.apache.maven.surefire.junit4.JUnit4Provider.execute(JUnit4Provider.java:316)
	at org.apache.maven.surefire.junit4.JUnit4Provider.executeWithRerun(JUnit4Provider.java:240)
	at org.apache.maven.surefire.junit4.JUnit4Provider.executeTestSet(JUnit4Provider.java:214)
	at org.apache.maven.surefire.junit4.JUnit4Provider.invoke(JUnit4Provider.java:155)
	at org.apache.maven.surefire.booter.ForkedBooter.runSuitesInProcess(ForkedBooter.java:385)
	at org.apache.maven.surefire.booter.ForkedBooter.execute(ForkedBooter.java:162)
	at org.apache.maven.surefire.booter.ForkedBooter.run(ForkedBooter.java:507)
	at org.apache.maven.surefire.booter.ForkedBooter.main(ForkedBooter.java:495)
]]></error>
  </testcase>
  <testcase name="soldado_recibe_disparo_con_50_escudo_Test" classname="tu paquete.EjercitoTest" time="0.0">
    <error message="Unresolved compilation problems: &#10;	The declared package &quot;&quot; does not match the expected package &quot;tu paquete&quot;&#10;	Soldado cannot be resolved to a type&#10;	Soldado cannot be resolved to a type&#10;	Tanque cannot be resolved to a type&#10;	Tanque cannot be resolved to a type&#10;	Buque cannot be resolved to a type&#10;	Buque cannot be resolved to a type&#10;	Soldado cannot be resolved to a type&#10;	Soldado cannot be resolved to a type&#10;	Soldado cannot be resolved to a type&#10;	Soldado cannot be resolved to a type&#10;	Tanque cannot be resolved to a type&#10;	Tanque cannot be resolved to a type&#10;	Tanque cannot be resolved to a type&#10;	Tanque cannot be resolved to a type&#10;	Buque cannot be resolved to a type&#10;	Buque cannot be resolved to a type&#10;	Tanque cannot be resolved to a type&#10;	Tanque cannot be resolved to a type&#10;	Soldado cannot be resolved to a type&#10;	Soldado cannot be resolved to a type&#10;	Soldado cannot be resolved to a type&#10;	Soldado cannot be resolved to a type&#10;	Tanque cannot be resolved to a type&#10;	Tanque cannot be resolved to a type&#10;	Tanque cannot be resolved to a type&#10;	Tanque cannot be resolved to a type&#10;	Buque cannot be resolved to a type&#10;	Buque cannot be resolved to a type&#10;	Tanque cannot be resolved to a type&#10;	Tanque cannot be resolved to a type&#10;	Soldado cannot be resolved to a type&#10;	Soldado cannot be resolved to a type&#10;	Escudo cannot be resolved to a type&#10;	Escudo cannot be resolved to a type&#10;	Soldado cannot be resolved to a type&#10;	Soldado cannot be resolved to a type&#10;	Tanque cannot be resolved to a type&#10;	Tanque cannot be resolved to a type&#10;	Escudo cannot be resolved to a type&#10;	Escudo cannot be resolved to a type&#10;	Tanque cannot be resolved to a type&#10;	Tanque cannot be resolved to a type&#10;	Buque cannot be resolved to a type&#10;	Buque cannot be resolved to a type&#10;	Escudo cannot be resolved to a type&#10;	Escudo cannot be resolved to a type&#10;	Tanque cannot be resolved to a type&#10;	Tanque cannot be resolved to a type&#10;	ChuckNorris cannot be resolved to a type&#10;	ChuckNorris cannot be resolved to a type&#10;	Tanque cannot be resolved to a type&#10;	Tanque cannot be resolved to a type&#10;	ChuckNorris cannot be resolved to a type&#10;	ChuckNorris cannot be resolved to a type&#10;	Soldado cannot be resolved to a type&#10;	Soldado cannot be resolved to a type&#10;" type="java.lang.Error"><![CDATA[java.lang.Error: 
Unresolved compilation problems: 
	The declared package "" does not match the expected package "tu paquete"
	Soldado cannot be resolved to a type
	Soldado cannot be resolved to a type
	Tanque cannot be resolved to a type
	Tanque cannot be resolved to a type
	Buque cannot be resolved to a type
	Buque cannot be resolved to a type
	Soldado cannot be resolved to a type
	Soldado cannot be resolved to a type
	Soldado cannot be resolved to a type
	Soldado cannot be resolved to a type
	Tanque cannot be resolved to a type
	Tanque cannot be resolved to a type
	Tanque cannot be resolved to a type
	Tanque cannot be resolved to a type
	Buque cannot be resolved to a type
	Buque cannot be resolved to a type
	Tanque cannot be resolved to a type
	Tanque cannot be resolved to a type
	Soldado cannot be resolved to a type
	Soldado cannot be resolved to a type
	Soldado cannot be resolved to a type
	Soldado cannot be resolved to a type
	Tanque cannot be resolved to a type
	Tanque cannot be resolved to a type
	Tanque cannot be resolved to a type
	Tanque cannot be resolved to a type
	Buque cannot be resolved to a type
	Buque cannot be resolved to a type
	Tanque cannot be resolved to a type
	Tanque cannot be resolved to a type
	Soldado cannot be resolved to a type
	Soldado cannot be resolved to a type
	Escudo cannot be resolved to a type
	Escudo cannot be resolved to a type
	Soldado cannot be resolved to a type
	Soldado cannot be resolved to a type
	Tanque cannot be resolved to a type
	Tanque cannot be resolved to a type
	Escudo cannot be resolved to a type
	Escudo cannot be resolved to a type
	Tanque cannot be resolved to a type
	Tanque cannot be resolved to a type
	Buque cannot be resolved to a type
	Buque cannot be resolved to a type
	Escudo cannot be resolved to a type
	Escudo cannot be resolved to a type
	Tanque cannot be resolved to a type
	Tanque cannot be resolved to a type
	ChuckNorris cannot be resolved to a type
	ChuckNorris cannot be resolved to a type
	Tanque cannot be resolved to a type
	Tanque cannot be resolved to a type
	ChuckNorris cannot be resolved to a type
	ChuckNorris cannot be resolved to a type
	Soldado cannot be resolved to a type
	Soldado cannot be resolved to a type

	at tu paquete.EjercitoTest.<init>(EjercitoTest.java:1)
	at java.base/jdk.internal.reflect.DirectConstructorHandleAccessor.newInstance(DirectConstructorHandleAccessor.java:67)
	at java.base/java.lang.reflect.Constructor.newInstanceWithCaller(Constructor.java:499)
	at java.base/java.lang.reflect.Constructor.newInstance(Constructor.java:483)
	at org.junit.runners.BlockJUnit4ClassRunner.createTest(BlockJUnit4ClassRunner.java:250)
	at org.junit.runners.BlockJUnit4ClassRunner.createTest(BlockJUnit4ClassRunner.java:260)
	at org.junit.runners.BlockJUnit4ClassRunner$2.runReflectiveCall(BlockJUnit4ClassRunner.java:309)
	at org.junit.internal.runners.model.ReflectiveCallable.run(ReflectiveCallable.java:12)
	at org.junit.runners.BlockJUnit4ClassRunner.methodBlock(BlockJUnit4ClassRunner.java:306)
	at org.junit.runners.BlockJUnit4ClassRunner$1.evaluate(BlockJUnit4ClassRunner.java:100)
	at org.junit.runners.ParentRunner.runLeaf(ParentRunner.java:366)
	at org.junit.runners.BlockJUnit4ClassRunner.runChild(BlockJUnit4ClassRunner.java:103)
	at org.junit.runners.BlockJUnit4ClassRunner.runChild(BlockJUnit4ClassRunner.java:63)
	at org.junit.runners.ParentRunner$4.run(ParentRunner.java:331)
	at org.junit.runners.ParentRunner$1.schedule(ParentRunner.java:79)
	at org.junit.runners.ParentRunner.runChildren(ParentRunner.java:329)
	at org.junit.runners.ParentRunner.access$100(ParentRunner.java:66)
	at org.junit.runners.ParentRunner$2.evaluate(ParentRunner.java:293)
	at org.junit.runners.ParentRunner$3.evaluate(ParentRunner.java:306)
	at org.junit.runners.ParentRunner.run(ParentRunner.java:413)
	at org.apache.maven.surefire.junit4.JUnit4Provider.execute(JUnit4Provider.java:316)
	at org.apache.maven.surefire.junit4.JUnit4Provider.executeWithRerun(JUnit4Provider.java:240)
	at org.apache.maven.surefire.junit4.JUnit4Provider.executeTestSet(JUnit4Provider.java:214)
	at org.apache.maven.surefire.junit4.JUnit4Provider.invoke(JUnit4Provider.java:155)
	at org.apache.maven.surefire.booter.ForkedBooter.runSuitesInProcess(ForkedBooter.java:385)
	at org.apache.maven.surefire.booter.ForkedBooter.execute(ForkedBooter.java:162)
	at org.apache.maven.surefire.booter.ForkedBooter.run(ForkedBooter.java:507)
	at org.apache.maven.surefire.booter.ForkedBooter.main(ForkedBooter.java:495)
]]></error>
  </testcase>
  <testcase name="soldado_puede_preguntar_si_esta_vivo_o_muerto_Test" classname="tu paquete.EjercitoTest" time="0.0">
    <error message="Unresolved compilation problems: &#10;	The declared package &quot;&quot; does not match the expected package &quot;tu paquete&quot;&#10;	Soldado cannot be resolved to a type&#10;	Soldado cannot be resolved to a type&#10;	Tanque cannot be resolved to a type&#10;	Tanque cannot be resolved to a type&#10;	Buque cannot be resolved to a type&#10;	Buque cannot be resolved to a type&#10;	Soldado cannot be resolved to a type&#10;	Soldado cannot be resolved to a type&#10;	Soldado cannot be resolved to a type&#10;	Soldado cannot be resolved to a type&#10;	Tanque cannot be resolved to a type&#10;	Tanque cannot be resolved to a type&#10;	Tanque cannot be resolved to a type&#10;	Tanque cannot be resolved to a type&#10;	Buque cannot be resolved to a type&#10;	Buque cannot be resolved to a type&#10;	Tanque cannot be resolved to a type&#10;	Tanque cannot be resolved to a type&#10;	Soldado cannot be resolved to a type&#10;	Soldado cannot be resolved to a type&#10;	Soldado cannot be resolved to a type&#10;	Soldado cannot be resolved to a type&#10;	Tanque cannot be resolved to a type&#10;	Tanque cannot be resolved to a type&#10;	Tanque cannot be resolved to a type&#10;	Tanque cannot be resolved to a type&#10;	Buque cannot be resolved to a type&#10;	Buque cannot be resolved to a type&#10;	Tanque cannot be resolved to a type&#10;	Tanque cannot be resolved to a type&#10;	Soldado cannot be resolved to a type&#10;	Soldado cannot be resolved to a type&#10;	Escudo cannot be resolved to a type&#10;	Escudo cannot be resolved to a type&#10;	Soldado cannot be resolved to a type&#10;	Soldado cannot be resolved to a type&#10;	Tanque cannot be resolved to a type&#10;	Tanque cannot be resolved to a type&#10;	Escudo cannot be resolved to a type&#10;	Escudo cannot be resolved to a type&#10;	Tanque cannot be resolved to a type&#10;	Tanque cannot be resolved to a type&#10;	Buque cannot be resolved to a type&#10;	Buque cannot be resolved to a type&#10;	Escudo cannot be resolved to a type&#10;	Escudo cannot be resolved to a type&#10;	Tanque cannot be resolved to a type&#10;	Tanque cannot be resolved to a type&#10;	ChuckNorris cannot be resolved to a type&#10;	ChuckNorris cannot be resolved to a type&#10;	Tanque cannot be resolved to a type&#10;	Tanque cannot be resolved to a type&#10;	ChuckNorris cannot be resolved to a type&#10;	ChuckNorris cannot be resolved to a type&#10;	Soldado cannot be resolved to a type&#10;	Soldado cannot be resolved to a type&#10;" type="java.lang.Error"><![CDATA[java.lang.Error: 
Unresolved compilation problems: 
	The declared package "" does not match the expected package "tu paquete"
	Soldado cannot be resolved to a type
	Soldado cannot be resolved to a type
	Tanque cannot be resolved to a type
	Tanque cannot be resolved to a type
	Buque cannot be resolved to a type
	Buque cannot be resolved to a type
	Soldado cannot be resolved to a type
	Soldado cannot be resolved to a type
	Soldado cannot be resolved to a type
	Soldado cannot be resolved to a type
	Tanque cannot be resolved to a type
	Tanque cannot be resolved to a type
	Tanque cannot be resolved to a type
	Tanque cannot be resolved to a type
	Buque cannot be resolved to a type
	Buque cannot be resolved to a type
	Tanque cannot be resolved to a type
	Tanque cannot be resolved to a type
	Soldado cannot be resolved to a type
	Soldado cannot be resolved to a type
	Soldado cannot be resolved to a type
	Soldado cannot be resolved to a type
	Tanque cannot be resolved to a type
	Tanque cannot be resolved to a type
	Tanque cannot be resolved to a type
	Tanque cannot be resolved to a type
	Buque cannot be resolved to a type
	Buque cannot be resolved to a type
	Tanque cannot be resolved to a type
	Tanque cannot be resolved to a type
	Soldado cannot be resolved to a type
	Soldado cannot be resolved to a type
	Escudo cannot be resolved to a type
	Escudo cannot be resolved to a type
	Soldado cannot be resolved to a type
	Soldado cannot be resolved to a type
	Tanque cannot be resolved to a type
	Tanque cannot be resolved to a type
	Escudo cannot be resolved to a type
	Escudo cannot be resolved to a type
	Tanque cannot be resolved to a type
	Tanque cannot be resolved to a type
	Buque cannot be resolved to a type
	Buque cannot be resolved to a type
	Escudo cannot be resolved to a type
	Escudo cannot be resolved to a type
	Tanque cannot be resolved to a type
	Tanque cannot be resolved to a type
	ChuckNorris cannot be resolved to a type
	ChuckNorris cannot be resolved to a type
	Tanque cannot be resolved to a type
	Tanque cannot be resolved to a type
	ChuckNorris cannot be resolved to a type
	ChuckNorris cannot be resolved to a type
	Soldado cannot be resolved to a type
	Soldado cannot be resolved to a type

	at tu paquete.EjercitoTest.<init>(EjercitoTest.java:1)
	at java.base/jdk.internal.reflect.DirectConstructorHandleAccessor.newInstance(DirectConstructorHandleAccessor.java:67)
	at java.base/java.lang.reflect.Constructor.newInstanceWithCaller(Constructor.java:499)
	at java.base/java.lang.reflect.Constructor.newInstance(Constructor.java:483)
	at org.junit.runners.BlockJUnit4ClassRunner.createTest(BlockJUnit4ClassRunner.java:250)
	at org.junit.runners.BlockJUnit4ClassRunner.createTest(BlockJUnit4ClassRunner.java:260)
	at org.junit.runners.BlockJUnit4ClassRunner$2.runReflectiveCall(BlockJUnit4ClassRunner.java:309)
	at org.junit.internal.runners.model.ReflectiveCallable.run(ReflectiveCallable.java:12)
	at org.junit.runners.BlockJUnit4ClassRunner.methodBlock(BlockJUnit4ClassRunner.java:306)
	at org.junit.runners.BlockJUnit4ClassRunner$1.evaluate(BlockJUnit4ClassRunner.java:100)
	at org.junit.runners.ParentRunner.runLeaf(ParentRunner.java:366)
	at org.junit.runners.BlockJUnit4ClassRunner.runChild(BlockJUnit4ClassRunner.java:103)
	at org.junit.runners.BlockJUnit4ClassRunner.runChild(BlockJUnit4ClassRunner.java:63)
	at org.junit.runners.ParentRunner$4.run(ParentRunner.java:331)
	at org.junit.runners.ParentRunner$1.schedule(ParentRunner.java:79)
	at org.junit.runners.ParentRunner.runChildren(ParentRunner.java:329)
	at org.junit.runners.ParentRunner.access$100(ParentRunner.java:66)
	at org.junit.runners.ParentRunner$2.evaluate(ParentRunner.java:293)
	at org.junit.runners.ParentRunner$3.evaluate(ParentRunner.java:306)
	at org.junit.runners.ParentRunner.run(ParentRunner.java:413)
	at org.apache.maven.surefire.junit4.JUnit4Provider.execute(JUnit4Provider.java:316)
	at org.apache.maven.surefire.junit4.JUnit4Provider.executeWithRerun(JUnit4Provider.java:240)
	at org.apache.maven.surefire.junit4.JUnit4Provider.executeTestSet(JUnit4Provider.java:214)
	at org.apache.maven.surefire.junit4.JUnit4Provider.invoke(JUnit4Provider.java:155)
	at org.apache.maven.surefire.booter.ForkedBooter.runSuitesInProcess(ForkedBooter.java:385)
	at org.apache.maven.surefire.booter.ForkedBooter.execute(ForkedBooter.java:162)
	at org.apache.maven.surefire.booter.ForkedBooter.run(ForkedBooter.java:507)
	at org.apache.maven.surefire.booter.ForkedBooter.main(ForkedBooter.java:495)
]]></error>
  </testcase>
  <testcase name="soldado_puede_recibir_disparo_y_muere_de_1_disparo" classname="tu paquete.EjercitoTest" time="0.0">
    <error message="Unresolved compilation problems: &#10;	The declared package &quot;&quot; does not match the expected package &quot;tu paquete&quot;&#10;	Soldado cannot be resolved to a type&#10;	Soldado cannot be resolved to a type&#10;	Tanque cannot be resolved to a type&#10;	Tanque cannot be resolved to a type&#10;	Buque cannot be resolved to a type&#10;	Buque cannot be resolved to a type&#10;	Soldado cannot be resolved to a type&#10;	Soldado cannot be resolved to a type&#10;	Soldado cannot be resolved to a type&#10;	Soldado cannot be resolved to a type&#10;	Tanque cannot be resolved to a type&#10;	Tanque cannot be resolved to a type&#10;	Tanque cannot be resolved to a type&#10;	Tanque cannot be resolved to a type&#10;	Buque cannot be resolved to a type&#10;	Buque cannot be resolved to a type&#10;	Tanque cannot be resolved to a type&#10;	Tanque cannot be resolved to a type&#10;	Soldado cannot be resolved to a type&#10;	Soldado cannot be resolved to a type&#10;	Soldado cannot be resolved to a type&#10;	Soldado cannot be resolved to a type&#10;	Tanque cannot be resolved to a type&#10;	Tanque cannot be resolved to a type&#10;	Tanque cannot be resolved to a type&#10;	Tanque cannot be resolved to a type&#10;	Buque cannot be resolved to a type&#10;	Buque cannot be resolved to a type&#10;	Tanque cannot be resolved to a type&#10;	Tanque cannot be resolved to a type&#10;	Soldado cannot be resolved to a type&#10;	Soldado cannot be resolved to a type&#10;	Escudo cannot be resolved to a type&#10;	Escudo cannot be resolved to a type&#10;	Soldado cannot be resolved to a type&#10;	Soldado cannot be resolved to a type&#10;	Tanque cannot be resolved to a type&#10;	Tanque cannot be resolved to a type&#10;	Escudo cannot be resolved to a type&#10;	Escudo cannot be resolved to a type&#10;	Tanque cannot be resolved to a type&#10;	Tanque cannot be resolved to a type&#10;	Buque cannot be resolved to a type&#10;	Buque cannot be resolved to a type&#10;	Escudo cannot be resolved to a type&#10;	Escudo cannot be resolved to a type&#10;	Tanque cannot be resolved to a type&#10;	Tanque cannot be resolved to a type&#10;	ChuckNorris cannot be resolved to a type&#10;	ChuckNorris cannot be resolved to a type&#10;	Tanque cannot be resolved to a type&#10;	Tanque cannot be resolved to a type&#10;	ChuckNorris cannot be resolved to a type&#10;	ChuckNorris cannot be resolved to a type&#10;	Soldado cannot be resolved to a type&#10;	Soldado cannot be resolved to a type&#10;" type="java.lang.Error"><![CDATA[java.lang.Error: 
Unresolved compilation problems: 
	The declared package "" does not match the expected package "tu paquete"
	Soldado cannot be resolved to a type
	Soldado cannot be resolved to a type
	Tanque cannot be resolved to a type
	Tanque cannot be resolved to a type
	Buque cannot be resolved to a type
	Buque cannot be resolved to a type
	Soldado cannot be resolved to a type
	Soldado cannot be resolved to a type
	Soldado cannot be resolved to a type
	Soldado cannot be resolved to a type
	Tanque cannot be resolved to a type
	Tanque cannot be resolved to a type
	Tanque cannot be resolved to a type
	Tanque cannot be resolved to a type
	Buque cannot be resolved to a type
	Buque cannot be resolved to a type
	Tanque cannot be resolved to a type
	Tanque cannot be resolved to a type
	Soldado cannot be resolved to a type
	Soldado cannot be resolved to a type
	Soldado cannot be resolved to a type
	Soldado cannot be resolved to a type
	Tanque cannot be resolved to a type
	Tanque cannot be resolved to a type
	Tanque cannot be resolved to a type
	Tanque cannot be resolved to a type
	Buque cannot be resolved to a type
	Buque cannot be resolved to a type
	Tanque cannot be resolved to a type
	Tanque cannot be resolved to a type
	Soldado cannot be resolved to a type
	Soldado cannot be resolved to a type
	Escudo cannot be resolved to a type
	Escudo cannot be resolved to a type
	Soldado cannot be resolved to a type
	Soldado cannot be resolved to a type
	Tanque cannot be resolved to a type
	Tanque cannot be resolved to a type
	Escudo cannot be resolved to a type
	Escudo cannot be resolved to a type
	Tanque cannot be resolved to a type
	Tanque cannot be resolved to a type
	Buque cannot be resolved to a type
	Buque cannot be resolved to a type
	Escudo cannot be resolved to a type
	Escudo cannot be resolved to a type
	Tanque cannot be resolved to a type
	Tanque cannot be resolved to a type
	ChuckNorris cannot be resolved to a type
	ChuckNorris cannot be resolved to a type
	Tanque cannot be resolved to a type
	Tanque cannot be resolved to a type
	ChuckNorris cannot be resolved to a type
	ChuckNorris cannot be resolved to a type
	Soldado cannot be resolved to a type
	Soldado cannot be resolved to a type

	at tu paquete.EjercitoTest.<init>(EjercitoTest.java:1)
	at java.base/jdk.internal.reflect.DirectConstructorHandleAccessor.newInstance(DirectConstructorHandleAccessor.java:67)
	at java.base/java.lang.reflect.Constructor.newInstanceWithCaller(Constructor.java:499)
	at java.base/java.lang.reflect.Constructor.newInstance(Constructor.java:483)
	at org.junit.runners.BlockJUnit4ClassRunner.createTest(BlockJUnit4ClassRunner.java:250)
	at org.junit.runners.BlockJUnit4ClassRunner.createTest(BlockJUnit4ClassRunner.java:260)
	at org.junit.runners.BlockJUnit4ClassRunner$2.runReflectiveCall(BlockJUnit4ClassRunner.java:309)
	at org.junit.internal.runners.model.ReflectiveCallable.run(ReflectiveCallable.java:12)
	at org.junit.runners.BlockJUnit4ClassRunner.methodBlock(BlockJUnit4ClassRunner.java:306)
	at org.junit.runners.BlockJUnit4ClassRunner$1.evaluate(BlockJUnit4ClassRunner.java:100)
	at org.junit.runners.ParentRunner.runLeaf(ParentRunner.java:366)
	at org.junit.runners.BlockJUnit4ClassRunner.runChild(BlockJUnit4ClassRunner.java:103)
	at org.junit.runners.BlockJUnit4ClassRunner.runChild(BlockJUnit4ClassRunner.java:63)
	at org.junit.runners.ParentRunner$4.run(ParentRunner.java:331)
	at org.junit.runners.ParentRunner$1.schedule(ParentRunner.java:79)
	at org.junit.runners.ParentRunner.runChildren(ParentRunner.java:329)
	at org.junit.runners.ParentRunner.access$100(ParentRunner.java:66)
	at org.junit.runners.ParentRunner$2.evaluate(ParentRunner.java:293)
	at org.junit.runners.ParentRunner$3.evaluate(ParentRunner.java:306)
	at org.junit.runners.ParentRunner.run(ParentRunner.java:413)
	at org.apache.maven.surefire.junit4.JUnit4Provider.execute(JUnit4Provider.java:316)
	at org.apache.maven.surefire.junit4.JUnit4Provider.executeWithRerun(JUnit4Provider.java:240)
	at org.apache.maven.surefire.junit4.JUnit4Provider.executeTestSet(JUnit4Provider.java:214)
	at org.apache.maven.surefire.junit4.JUnit4Provider.invoke(JUnit4Provider.java:155)
	at org.apache.maven.surefire.booter.ForkedBooter.runSuitesInProcess(ForkedBooter.java:385)
	at org.apache.maven.surefire.booter.ForkedBooter.execute(ForkedBooter.java:162)
	at org.apache.maven.surefire.booter.ForkedBooter.run(ForkedBooter.java:507)
	at org.apache.maven.surefire.booter.ForkedBooter.main(ForkedBooter.java:495)
]]></error>
  </testcase>
</testsuite>